2020-05-01 14:54:29.589 | [INFO ] | [main] | org.springframework.boot.StartupInfoLogger com.grantlee289.springcamel.routes.MessageHandlerRouteTest | logStarting : 55 | Starting MessageHandlerRouteTest on DESKTOP-8KK3OFN with PID 13836 (started by 44795 in C:\Users\44795\IdeaProjects\spring-camel-api)
2020-05-01 14:54:29.618 | [INFO ] | [main] | org.springframework.boot.SpringApplication com.grantlee289.springcamel.routes.MessageHandlerRouteTest | logStartupProfileInfo : 651 | No active profile set, falling back to default profiles: default
2020-05-01 14:54:31.547 | [INFO ] | [main] | org.springframework.context.support.PostProcessorRegistrationDelegate$BeanPostProcessorChecker org.springframework.context.support.PostProcessorRegistrationDelegate$BeanPostProcessorChecker | postProcessAfterInitialization : 330 | Bean 'org.apache.camel.spring.boot.CamelAutoConfiguration' of type [org.apache.camel.spring.boot.CamelAutoConfiguration$$EnhancerBySpringCGLIB$$12f93393] is not eligible for getting processed by all BeanPostProcessors (for example: not eligible for auto-proxying)
2020-05-01 14:54:32.039 | [WARN ] | [main] | org.springframework.boot.autoconfigure.jackson.JacksonAutoConfiguration$JodaDateTimeJacksonConfiguration org.springframework.boot.autoconfigure.jackson.JacksonAutoConfiguration$JodaDateTimeJacksonConfiguration | jodaDateTimeSerializationModule : 123 | Auto-configuration of Jackson's Joda-Time integration is deprecated in favor of using java.time (JSR-310).
2020-05-01 14:54:32.128 | [INFO ] | [main] | org.springframework.scheduling.concurrent.ExecutorConfigurationSupport org.springframework.scheduling.concurrent.ThreadPoolTaskExecutor | initialize : 181 | Initializing ExecutorService 'applicationTaskExecutor'
2020-05-01 14:54:32.490 | [WARN ] | [main] | org.apache.camel.impl.engine.DefaultCamelBeanPostProcessor org.apache.camel.impl.engine.DefaultCamelBeanPostProcessor | postProcessBeforeInitialization : 101 | No CamelContext defined yet so cannot inject into bean: properties
2020-05-01 14:54:33.118 | [INFO ] | [main] | org.apache.camel.spring.boot.SpringBootRoutesCollector org.apache.camel.spring.boot.SpringBootRoutesCollector | collectXmlRoutesFromDirectory : 119 | Loading additional Camel XML routes from: classpath:camel/*.xml
2020-05-01 14:54:33.119 | [INFO ] | [main] | org.apache.camel.spring.boot.SpringBootRoutesCollector org.apache.camel.spring.boot.SpringBootRoutesCollector | collectXmlRestsFromDirectory : 143 | Loading additional Camel XML rests from: classpath:camel-rest/*.xml
2020-05-01 14:54:33.137 | [INFO ] | [main] | org.springframework.boot.StartupInfoLogger com.grantlee289.springcamel.routes.MessageHandlerRouteTest | logStarted : 61 | Started MessageHandlerRouteTest in 3.848 seconds (JVM running for 5.687)
2020-05-01 14:54:33.140 | [INFO ] | [main] | org.apache.camel.test.spring.CamelAnnotationsHandler$4 org.apache.camel.test.spring.CamelAnnotationsHandler | execute : 229 | Setting shutdown timeout to [10 SECONDS] on CamelContext with name [camelContext].
2020-05-01 14:54:33.186 | [INFO ] | [main] | org.apache.camel.test.spring.CamelSpringBootExecutionListener org.apache.camel.test.spring.CamelSpringBootExecutionListener | beforeTestMethod : 63 | @RunWith(CamelSpringBootRunner.class) before: class com.grantlee289.springcamel.routes.MessageHandlerRouteTest.sendMessage
2020-05-01 14:54:33.188 | [INFO ] | [main] | org.apache.camel.test.spring.CamelSpringBootExecutionListener org.apache.camel.test.spring.CamelSpringBootExecutionListener | beforeTestMethod : 77 | Initialized CamelSpringBootRunner now ready to start CamelContext
2020-05-01 14:54:33.189 | [INFO ] | [main] | org.apache.camel.test.spring.CamelAnnotationsHandler$8 org.apache.camel.test.spring.CamelAnnotationsHandler | execute : 357 | Starting CamelContext with name [camelContext].
2020-05-01 14:54:33.191 | [INFO ] | [main] | org.apache.camel.impl.engine.AbstractCamelContext org.apache.camel.spring.boot.SpringBootCamelContext | start : 2321 | Apache Camel 3.0.0-RC3 (CamelContext: ServicesRest) is starting
2020-05-01 14:54:33.191 | [INFO ] | [main] | org.apache.camel.management.JmxManagementStrategy org.apache.camel.management.JmxManagementStrategy | doStart : 96 | JMX is enabled
2020-05-01 14:54:33.692 | [INFO ] | [main] | org.apache.camel.impl.engine.AbstractCamelContext org.apache.camel.spring.boot.SpringBootCamelContext | doStartCamel : 2605 | StreamCaching is not in use. If using streams then its recommended to enable stream caching. See more details at http://camel.apache.org/stream-caching.html
2020-05-01 14:54:33.803 | [INFO ] | [main] | org.apache.camel.component.jackson.JacksonDataFormat org.apache.camel.component.jackson.JacksonDataFormat | doStart : 486 | Found single ObjectMapper in Registry to use: com.fasterxml.jackson.databind.ObjectMapper@1dfcf85a
2020-05-01 14:54:33.803 | [INFO ] | [main] | org.apache.camel.component.jackson.JacksonDataFormat org.apache.camel.component.jackson.JacksonDataFormat | doStart : 486 | Found single ObjectMapper in Registry to use: com.fasterxml.jackson.databind.ObjectMapper@1dfcf85a
2020-05-01 14:54:33.807 | [INFO ] | [main] | org.apache.camel.impl.engine.AbstractCamelContext org.apache.camel.spring.boot.SpringBootCamelContext | doStartOrResumeRouteConsumers : 3222 | Route: message-handler started and consuming from: direct://from
2020-05-01 14:54:33.809 | [INFO ] | [main] | org.apache.camel.impl.engine.AbstractCamelContext org.apache.camel.spring.boot.SpringBootCamelContext | doStartOrResumeRouteConsumers : 3222 | Route: doc-api started and consuming from: servlet:/api-doc?httpMethodRestrict=GET%2COPTIONS&matchOnUriPrefix=true&optionsEnabled=true
2020-05-01 14:54:33.810 | [INFO ] | [main] | org.apache.camel.impl.engine.AbstractCamelContext org.apache.camel.spring.boot.SpringBootCamelContext | doStartOrResumeRouteConsumers : 3222 | Route: route1 started and consuming from: servlet:/spring-camel-api/messages?httpMethodRestrict=POST%2COPTIONS&optionsEnabled=true
2020-05-01 14:54:33.815 | [INFO ] | [main] | org.apache.camel.impl.engine.AbstractCamelContext org.apache.camel.spring.boot.SpringBootCamelContext | start : 2378 | Total 3 routes, of which 3 are started
2020-05-01 14:54:33.817 | [INFO ] | [main] | org.apache.camel.impl.engine.AbstractCamelContext org.apache.camel.spring.boot.SpringBootCamelContext | start : 2383 | Apache Camel 3.0.0-RC3 (CamelContext: ServicesRest) started in 0.625 seconds
2020-05-01 14:54:34.254 | [INFO ] | [main] | org.apache.camel.impl.engine.DefaultTracer org.apache.camel.Tracing | traceBeforeRoute : 129 | *--> [message-hand] [from[direct:from]                ] Exchange[Id: ID-DESKTOP-8KK3OFN-1588341274247-0-1, BodyType: String, Body: Foo]
2020-05-01 14:54:34.256 | [INFO ] | [main] | org.apache.camel.impl.engine.DefaultTracer org.apache.camel.Tracing | dumpTrace : 233 |      [message-hand] [log                              ] Exchange[Id: ID-DESKTOP-8KK3OFN-1588341274247-0-1, BodyType: String, Body: Foo]
2020-05-01 14:54:34.308 | [ERROR] | [main] | org.apache.camel.spi.CamelLogger org.apache.camel.processor.errorhandler.DefaultErrorHandler | log : 203 | Failed delivery for (MessageId: ID-DESKTOP-8KK3OFN-1588341274247-0-2 on ExchangeId: ID-DESKTOP-8KK3OFN-1588341274247-0-1). Exhausted after delivery attempt: 1 caught: org.apache.camel.language.bean.RuntimeBeanExpressionException: Failed to invoke method: message on null due to: org.apache.camel.component.bean.MethodNotFoundException: Method with name: message not found on bean: Foo of type: java.lang.String on the exchange: Exchange[ID-DESKTOP-8KK3OFN-1588341274247-0-1]

Message History
---------------------------------------------------------------------------------------------------------------------------------------
RouteId              ProcessorId          Processor                                                                        Elapsed (ms)
[message-handler   ] [message-handler   ] [from[direct://from]                                                           ] [        63]
[message-handler   ] [log1              ] [log                                                                           ] [         0]

Stacktrace
---------------------------------------------------------------------------------------------------------------------------------------
org.apache.camel.language.bean.RuntimeBeanExpressionException: Failed to invoke method: message on null due to: org.apache.camel.component.bean.MethodNotFoundException: Method with name: message not found on bean: Foo of type: java.lang.String on the exchange: Exchange[ID-DESKTOP-8KK3OFN-1588341274247-0-1]
	at org.apache.camel.language.bean.BeanExpression.invokeOgnlMethod(BeanExpression.java:400) ~[camel-bean-3.0.0-RC3.jar:3.0.0-RC3]
	at org.apache.camel.language.bean.BeanExpression.evaluate(BeanExpression.java:149) ~[camel-bean-3.0.0-RC3.jar:3.0.0-RC3]
	at org.apache.camel.language.bean.BeanExpression.evaluate(BeanExpression.java:171) ~[camel-bean-3.0.0-RC3.jar:3.0.0-RC3]
	at org.apache.camel.support.builder.ExpressionBuilder$56.evaluate(ExpressionBuilder.java:1294) ~[camel-support-3.0.0-RC3.jar:3.0.0-RC3]
	at org.apache.camel.support.ExpressionAdapter.evaluate(ExpressionAdapter.java:36) ~[camel-support-3.0.0-RC3.jar:3.0.0-RC3]
	at org.apache.camel.language.simple.SimpleExpressionBuilder$29.evaluate(SimpleExpressionBuilder.java:668) ~[camel-base-3.0.0-RC3.jar:3.0.0-RC3]
	at org.apache.camel.support.ExpressionAdapter.evaluate(ExpressionAdapter.java:36) ~[camel-support-3.0.0-RC3.jar:3.0.0-RC3]
	at org.apache.camel.support.builder.ExpressionBuilder$50.evaluate(ExpressionBuilder.java:1171) ~[camel-support-3.0.0-RC3.jar:3.0.0-RC3]
	at org.apache.camel.support.ExpressionAdapter.evaluate(ExpressionAdapter.java:36) ~[camel-support-3.0.0-RC3.jar:3.0.0-RC3]
	at org.apache.camel.processor.LogProcessor.process(LogProcessor.java:53) ~[camel-base-3.0.0-RC3.jar:3.0.0-RC3]
	at org.apache.camel.processor.errorhandler.RedeliveryErrorHandler$RedeliveryState.run(RedeliveryErrorHandler.java:476) [camel-base-3.0.0-RC3.jar:3.0.0-RC3]
	at org.apache.camel.impl.engine.DefaultReactiveExecutor$Worker.schedule(DefaultReactiveExecutor.java:185) [camel-base-3.0.0-RC3.jar:3.0.0-RC3]
	at org.apache.camel.impl.engine.DefaultReactiveExecutor.scheduleMain(DefaultReactiveExecutor.java:59) [camel-base-3.0.0-RC3.jar:3.0.0-RC3]
	at org.apache.camel.processor.Pipeline.process(Pipeline.java:87) [camel-base-3.0.0-RC3.jar:3.0.0-RC3]
	at org.apache.camel.processor.CamelInternalProcessor.process(CamelInternalProcessor.java:228) [camel-base-3.0.0-RC3.jar:3.0.0-RC3]
	at org.apache.camel.component.direct.DirectProducer.process(DirectProducer.java:74) [camel-direct-3.0.0-RC3.jar:3.0.0-RC3]
	at org.apache.camel.processor.SharedCamelInternalProcessor.process(SharedCamelInternalProcessor.java:189) [camel-base-3.0.0-RC3.jar:3.0.0-RC3]
	at org.apache.camel.processor.SharedCamelInternalProcessor$1.process(SharedCamelInternalProcessor.java:90) [camel-base-3.0.0-RC3.jar:3.0.0-RC3]
	at org.apache.camel.impl.engine.DefaultAsyncProcessorAwaitManager.process(DefaultAsyncProcessorAwaitManager.java:78) [camel-base-3.0.0-RC3.jar:3.0.0-RC3]
	at org.apache.camel.processor.SharedCamelInternalProcessor.process(SharedCamelInternalProcessor.java:87) [camel-base-3.0.0-RC3.jar:3.0.0-RC3]
	at org.apache.camel.impl.engine.DefaultProducerCache.send(DefaultProducerCache.java:175) [camel-base-3.0.0-RC3.jar:3.0.0-RC3]
	at org.apache.camel.impl.engine.DefaultProducerTemplate.send(DefaultProducerTemplate.java:176) [camel-base-3.0.0-RC3.jar:3.0.0-RC3]
	at org.apache.camel.impl.engine.DefaultProducerTemplate.send(DefaultProducerTemplate.java:172) [camel-base-3.0.0-RC3.jar:3.0.0-RC3]
	at org.apache.camel.impl.engine.DefaultProducerTemplate.send(DefaultProducerTemplate.java:153) [camel-base-3.0.0-RC3.jar:3.0.0-RC3]
	at org.apache.camel.impl.engine.DefaultProducerTemplate.sendBody(DefaultProducerTemplate.java:187) [camel-base-3.0.0-RC3.jar:3.0.0-RC3]
	at org.apache.camel.impl.engine.DefaultProducerTemplate.sendBody(DefaultProducerTemplate.java:430) [camel-base-3.0.0-RC3.jar:3.0.0-RC3]
	at com.grantlee289.springcamel.routes.MessageHandlerRouteTest.sendMessage(MessageHandlerRouteTest.java:37) [test-classes/:?]
	at jdk.internal.reflect.NativeMethodAccessorImpl.invoke0(Native Method) ~[?:?]
	at jdk.internal.reflect.NativeMethodAccessorImpl.invoke(NativeMethodAccessorImpl.java:62) ~[?:?]
	at jdk.internal.reflect.DelegatingMethodAccessorImpl.invoke(DelegatingMethodAccessorImpl.java:43) ~[?:?]
	at java.lang.reflect.Method.invoke(Method.java:567) ~[?:?]
	at org.junit.runners.model.FrameworkMethod$1.runReflectiveCall(FrameworkMethod.java:59) [junit-4.13.jar:4.13]
	at org.junit.internal.runners.model.ReflectiveCallable.run(ReflectiveCallable.java:12) [junit-4.13.jar:4.13]
	at org.junit.runners.model.FrameworkMethod.invokeExplosively(FrameworkMethod.java:56) [junit-4.13.jar:4.13]
	at org.junit.internal.runners.statements.InvokeMethod.evaluate(InvokeMethod.java:17) [junit-4.13.jar:4.13]
	at org.springframework.test.context.junit4.statements.RunBeforeTestExecutionCallbacks.evaluate(RunBeforeTestExecutionCallbacks.java:74) [spring-test-5.2.5.RELEASE.jar:5.2.5.RELEASE]
	at org.springframework.test.context.junit4.statements.RunAfterTestExecutionCallbacks.evaluate(RunAfterTestExecutionCallbacks.java:84) [spring-test-5.2.5.RELEASE.jar:5.2.5.RELEASE]
	at org.springframework.test.context.junit4.statements.RunBeforeTestMethodCallbacks.evaluate(RunBeforeTestMethodCallbacks.java:75) [spring-test-5.2.5.RELEASE.jar:5.2.5.RELEASE]
	at org.springframework.test.context.junit4.statements.RunAfterTestMethodCallbacks.evaluate(RunAfterTestMethodCallbacks.java:86) [spring-test-5.2.5.RELEASE.jar:5.2.5.RELEASE]
	at org.springframework.test.context.junit4.statements.SpringRepeat.evaluate(SpringRepeat.java:84) [spring-test-5.2.5.RELEASE.jar:5.2.5.RELEASE]
	at org.junit.runners.ParentRunner.runLeaf(ParentRunner.java:366) [junit-4.13.jar:4.13]
	at org.springframework.test.context.junit4.SpringJUnit4ClassRunner.runChild(SpringJUnit4ClassRunner.java:251) [spring-test-5.2.5.RELEASE.jar:5.2.5.RELEASE]
	at org.springframework.test.context.junit4.SpringJUnit4ClassRunner.runChild(SpringJUnit4ClassRunner.java:97) [spring-test-5.2.5.RELEASE.jar:5.2.5.RELEASE]
	at org.junit.runners.ParentRunner$4.run(ParentRunner.java:331) [junit-4.13.jar:4.13]
	at org.junit.runners.ParentRunner$1.schedule(ParentRunner.java:79) [junit-4.13.jar:4.13]
	at org.junit.runners.ParentRunner.runChildren(ParentRunner.java:329) [junit-4.13.jar:4.13]
	at org.junit.runners.ParentRunner.access$100(ParentRunner.java:66) [junit-4.13.jar:4.13]
	at org.junit.runners.ParentRunner$2.evaluate(ParentRunner.java:293) [junit-4.13.jar:4.13]
	at org.springframework.test.context.junit4.statements.RunBeforeTestClassCallbacks.evaluate(RunBeforeTestClassCallbacks.java:61) [spring-test-5.2.5.RELEASE.jar:5.2.5.RELEASE]
	at org.springframework.test.context.junit4.statements.RunAfterTestClassCallbacks.evaluate(RunAfterTestClassCallbacks.java:70) [spring-test-5.2.5.RELEASE.jar:5.2.5.RELEASE]
	at org.junit.runners.ParentRunner$3.evaluate(ParentRunner.java:306) [junit-4.13.jar:4.13]
	at org.junit.runners.ParentRunner.run(ParentRunner.java:413) [junit-4.13.jar:4.13]
	at org.springframework.test.context.junit4.SpringJUnit4ClassRunner.run(SpringJUnit4ClassRunner.java:190) [spring-test-5.2.5.RELEASE.jar:5.2.5.RELEASE]
	at org.junit.runner.JUnitCore.run(JUnitCore.java:137) [junit-4.13.jar:4.13]
	at com.intellij.junit4.JUnit4IdeaTestRunner.startRunnerWithArgs(JUnit4IdeaTestRunner.java:68) [junit-rt.jar:?]
	at com.intellij.rt.junit.IdeaTestRunner$Repeater.startRunnerWithArgs(IdeaTestRunner.java:33) [junit-rt.jar:?]
	at com.intellij.rt.junit.JUnitStarter.prepareStreamsAndStart(JUnitStarter.java:230) [junit-rt.jar:?]
	at com.intellij.rt.junit.JUnitStarter.main(JUnitStarter.java:58) [junit-rt.jar:?]
Caused by: org.apache.camel.component.bean.MethodNotFoundException: Method with name: message not found on bean: Foo of type: java.lang.String on the exchange: Exchange[ID-DESKTOP-8KK3OFN-1588341274247-0-1]
	at org.apache.camel.component.bean.BeanInfo.createInvocation(BeanInfo.java:279) ~[camel-bean-3.0.0-RC3.jar:3.0.0-RC3]
	at org.apache.camel.component.bean.BeanInfo.createInvocation(BeanInfo.java:186) ~[camel-bean-3.0.0-RC3.jar:3.0.0-RC3]
	at org.apache.camel.component.bean.AbstractBeanProcessor.process(AbstractBeanProcessor.java:129) ~[camel-bean-3.0.0-RC3.jar:3.0.0-RC3]
	at org.apache.camel.impl.engine.DefaultAsyncProcessorAwaitManager.process(DefaultAsyncProcessorAwaitManager.java:78) ~[camel-base-3.0.0-RC3.jar:3.0.0-RC3]
	at org.apache.camel.support.AsyncProcessorSupport.process(AsyncProcessorSupport.java:40) ~[camel-support-3.0.0-RC3.jar:3.0.0-RC3]
	at org.apache.camel.language.bean.BeanExpression.invokeBean(BeanExpression.java:297) ~[camel-bean-3.0.0-RC3.jar:3.0.0-RC3]
	at org.apache.camel.language.bean.BeanExpression.invokeOgnlMethod(BeanExpression.java:396) ~[camel-bean-3.0.0-RC3.jar:3.0.0-RC3]
	... 57 more
2020-05-01 14:54:34.319 | [INFO ] | [main] | org.apache.camel.impl.engine.DefaultTracer org.apache.camel.Tracing | dumpTrace : 233 | *<-- [message-hand] [from[direct://from]              ] Exchange[Id: ID-DESKTOP-8KK3OFN-1588341274247-0-1, BodyType: String, Body: Foo]
2020-05-01 14:54:34.327 | [INFO ] | [main] | org.apache.camel.impl.engine.AbstractCamelContext org.apache.camel.spring.boot.SpringBootCamelContext | doStop : 2656 | Apache Camel 3.0.0-RC3 (CamelContext: ServicesRest) is shutting down
2020-05-01 14:54:34.327 | [INFO ] | [main] | org.apache.camel.impl.engine.DefaultShutdownStrategy org.apache.camel.impl.engine.DefaultShutdownStrategy | doShutdown : 192 | Starting to graceful shutdown 3 routes (timeout 10 seconds)
2020-05-01 14:54:34.332 | [INFO ] | [Camel (ServicesRest) thread #1 - ShutdownTask] | org.apache.camel.impl.engine.DefaultShutdownStrategy$ShutdownTask org.apache.camel.impl.engine.DefaultShutdownStrategy | run : 683 | Route: route1 shutdown complete, was consuming from: servlet:/spring-camel-api/messages?httpMethodRestrict=POST%2COPTIONS&optionsEnabled=true
2020-05-01 14:54:34.333 | [INFO ] | [Camel (ServicesRest) thread #1 - ShutdownTask] | org.apache.camel.impl.engine.DefaultShutdownStrategy$ShutdownTask org.apache.camel.impl.engine.DefaultShutdownStrategy | run : 683 | Route: doc-api shutdown complete, was consuming from: servlet:/api-doc?httpMethodRestrict=GET%2COPTIONS&matchOnUriPrefix=true&optionsEnabled=true
2020-05-01 14:54:34.333 | [INFO ] | [Camel (ServicesRest) thread #1 - ShutdownTask] | org.apache.camel.impl.engine.DefaultShutdownStrategy$ShutdownTask org.apache.camel.impl.engine.DefaultShutdownStrategy | run : 683 | Route: message-handler shutdown complete, was consuming from: direct://from
2020-05-01 14:54:34.333 | [INFO ] | [main] | org.apache.camel.impl.engine.DefaultShutdownStrategy org.apache.camel.impl.engine.DefaultShutdownStrategy | doShutdown : 257 | Graceful shutdown of 3 routes completed in 0 seconds
2020-05-01 14:54:34.344 | [INFO ] | [main] | org.apache.camel.impl.engine.AbstractCamelContext org.apache.camel.spring.boot.SpringBootCamelContext | doStop : 2769 | Apache Camel 3.0.0-RC3 (CamelContext: ServicesRest) uptime 1.154 seconds
2020-05-01 14:54:34.344 | [INFO ] | [main] | org.apache.camel.impl.engine.AbstractCamelContext org.apache.camel.spring.boot.SpringBootCamelContext | doStop : 2770 | Apache Camel 3.0.0-RC3 (CamelContext: ServicesRest) is shutdown in 0.017 seconds
2020-05-01 14:54:34.345 | [INFO ] | [main] | org.springframework.scheduling.concurrent.ExecutorConfigurationSupport org.springframework.scheduling.concurrent.ThreadPoolTaskExecutor | shutdown : 218 | Shutting down ExecutorService 'applicationTaskExecutor'
2020-05-01 14:54:34.347 | [INFO ] | [main] | org.apache.camel.test.spring.StopWatchTestExecutionListener com.grantlee289.springcamel.routes.MessageHandlerRouteTest | afterTestMethod : 53 | ********************************************************************************
2020-05-01 14:54:34.347 | [INFO ] | [main] | org.apache.camel.test.spring.StopWatchTestExecutionListener com.grantlee289.springcamel.routes.MessageHandlerRouteTest | afterTestMethod : 54 | Testing done: sendMessage(com.grantlee289.springcamel.routes.MessageHandlerRouteTest)
2020-05-01 14:54:34.348 | [INFO ] | [main] | org.apache.camel.test.spring.StopWatchTestExecutionListener com.grantlee289.springcamel.routes.MessageHandlerRouteTest | afterTestMethod : 55 | Took: 0.528 seconds (528 millis)
2020-05-01 14:54:34.348 | [INFO ] | [main] | org.apache.camel.test.spring.StopWatchTestExecutionListener com.grantlee289.springcamel.routes.MessageHandlerRouteTest | afterTestMethod : 56 | ********************************************************************************
2020-05-01 14:54:34.348 | [INFO ] | [main] | org.apache.camel.test.spring.CamelSpringBootExecutionListener org.apache.camel.test.spring.CamelSpringBootExecutionListener | afterTestMethod : 83 | @RunWith(CamelSpringBootRunner.class) after: class com.grantlee289.springcamel.routes.MessageHandlerRouteTest.sendMessage
2020-05-01 14:58:50.600 | [INFO ] | [main] | org.springframework.boot.StartupInfoLogger com.grantlee289.springcamel.routes.MessageHandlerRouteTest | logStarting : 55 | Starting MessageHandlerRouteTest on DESKTOP-8KK3OFN with PID 7572 (started by 44795 in C:\Users\44795\IdeaProjects\spring-camel-api)
2020-05-01 14:58:50.609 | [INFO ] | [main] | org.springframework.boot.SpringApplication com.grantlee289.springcamel.routes.MessageHandlerRouteTest | logStartupProfileInfo : 651 | No active profile set, falling back to default profiles: default
2020-05-01 14:58:51.540 | [INFO ] | [main] | org.springframework.context.support.PostProcessorRegistrationDelegate$BeanPostProcessorChecker org.springframework.context.support.PostProcessorRegistrationDelegate$BeanPostProcessorChecker | postProcessAfterInitialization : 330 | Bean 'org.apache.camel.spring.boot.CamelAutoConfiguration' of type [org.apache.camel.spring.boot.CamelAutoConfiguration$$EnhancerBySpringCGLIB$$1da4beb4] is not eligible for getting processed by all BeanPostProcessors (for example: not eligible for auto-proxying)
2020-05-01 14:58:51.925 | [WARN ] | [main] | org.springframework.boot.autoconfigure.jackson.JacksonAutoConfiguration$JodaDateTimeJacksonConfiguration org.springframework.boot.autoconfigure.jackson.JacksonAutoConfiguration$JodaDateTimeJacksonConfiguration | jodaDateTimeSerializationModule : 123 | Auto-configuration of Jackson's Joda-Time integration is deprecated in favor of using java.time (JSR-310).
2020-05-01 14:58:51.997 | [INFO ] | [main] | org.springframework.scheduling.concurrent.ExecutorConfigurationSupport org.springframework.scheduling.concurrent.ThreadPoolTaskExecutor | initialize : 181 | Initializing ExecutorService 'applicationTaskExecutor'
2020-05-01 14:58:52.287 | [WARN ] | [main] | org.apache.camel.impl.engine.DefaultCamelBeanPostProcessor org.apache.camel.impl.engine.DefaultCamelBeanPostProcessor | postProcessBeforeInitialization : 101 | No CamelContext defined yet so cannot inject into bean: properties
2020-05-01 14:58:52.832 | [INFO ] | [main] | org.apache.camel.spring.boot.SpringBootRoutesCollector org.apache.camel.spring.boot.SpringBootRoutesCollector | collectXmlRoutesFromDirectory : 119 | Loading additional Camel XML routes from: classpath:camel/*.xml
2020-05-01 14:58:52.833 | [INFO ] | [main] | org.apache.camel.spring.boot.SpringBootRoutesCollector org.apache.camel.spring.boot.SpringBootRoutesCollector | collectXmlRestsFromDirectory : 143 | Loading additional Camel XML rests from: classpath:camel-rest/*.xml
2020-05-01 14:58:52.842 | [INFO ] | [main] | org.springframework.boot.StartupInfoLogger com.grantlee289.springcamel.routes.MessageHandlerRouteTest | logStarted : 61 | Started MessageHandlerRouteTest in 2.504 seconds (JVM running for 4.211)
2020-05-01 14:58:52.846 | [INFO ] | [main] | org.apache.camel.test.spring.CamelAnnotationsHandler$4 org.apache.camel.test.spring.CamelAnnotationsHandler | execute : 229 | Setting shutdown timeout to [10 SECONDS] on CamelContext with name [camelContext].
2020-05-01 14:58:52.896 | [INFO ] | [main] | org.apache.camel.test.spring.CamelSpringBootExecutionListener org.apache.camel.test.spring.CamelSpringBootExecutionListener | beforeTestMethod : 63 | @RunWith(CamelSpringBootRunner.class) before: class com.grantlee289.springcamel.routes.MessageHandlerRouteTest.sendMessage
2020-05-01 14:58:52.898 | [INFO ] | [main] | org.apache.camel.test.spring.CamelSpringBootExecutionListener org.apache.camel.test.spring.CamelSpringBootExecutionListener | beforeTestMethod : 77 | Initialized CamelSpringBootRunner now ready to start CamelContext
2020-05-01 14:58:52.899 | [INFO ] | [main] | org.apache.camel.test.spring.CamelAnnotationsHandler$8 org.apache.camel.test.spring.CamelAnnotationsHandler | execute : 357 | Starting CamelContext with name [camelContext].
2020-05-01 14:58:52.900 | [INFO ] | [main] | org.apache.camel.impl.engine.AbstractCamelContext org.apache.camel.spring.boot.SpringBootCamelContext | start : 2321 | Apache Camel 3.0.0-RC3 (CamelContext: ServicesRest) is starting
2020-05-01 14:58:52.901 | [INFO ] | [main] | org.apache.camel.management.JmxManagementStrategy org.apache.camel.management.JmxManagementStrategy | doStart : 96 | JMX is enabled
2020-05-01 14:58:53.302 | [INFO ] | [main] | org.apache.camel.impl.engine.AbstractCamelContext org.apache.camel.spring.boot.SpringBootCamelContext | doStartCamel : 2605 | StreamCaching is not in use. If using streams then its recommended to enable stream caching. See more details at http://camel.apache.org/stream-caching.html
2020-05-01 14:58:53.400 | [INFO ] | [main] | org.apache.camel.component.jackson.JacksonDataFormat org.apache.camel.component.jackson.JacksonDataFormat | doStart : 486 | Found single ObjectMapper in Registry to use: com.fasterxml.jackson.databind.ObjectMapper@3620eab
2020-05-01 14:58:53.401 | [INFO ] | [main] | org.apache.camel.component.jackson.JacksonDataFormat org.apache.camel.component.jackson.JacksonDataFormat | doStart : 486 | Found single ObjectMapper in Registry to use: com.fasterxml.jackson.databind.ObjectMapper@3620eab
2020-05-01 14:58:53.405 | [INFO ] | [main] | org.apache.camel.impl.engine.AbstractCamelContext org.apache.camel.spring.boot.SpringBootCamelContext | doStartOrResumeRouteConsumers : 3222 | Route: message-handler started and consuming from: direct://from
2020-05-01 14:58:53.408 | [INFO ] | [main] | org.apache.camel.impl.engine.AbstractCamelContext org.apache.camel.spring.boot.SpringBootCamelContext | doStartOrResumeRouteConsumers : 3222 | Route: doc-api started and consuming from: servlet:/api-doc?httpMethodRestrict=GET%2COPTIONS&matchOnUriPrefix=true&optionsEnabled=true
2020-05-01 14:58:53.409 | [INFO ] | [main] | org.apache.camel.impl.engine.AbstractCamelContext org.apache.camel.spring.boot.SpringBootCamelContext | doStartOrResumeRouteConsumers : 3222 | Route: route1 started and consuming from: servlet:/spring-camel-api/messages?httpMethodRestrict=POST%2COPTIONS&optionsEnabled=true
2020-05-01 14:58:53.413 | [INFO ] | [main] | org.apache.camel.impl.engine.AbstractCamelContext org.apache.camel.spring.boot.SpringBootCamelContext | start : 2378 | Total 3 routes, of which 3 are started
2020-05-01 14:58:53.415 | [INFO ] | [main] | org.apache.camel.impl.engine.AbstractCamelContext org.apache.camel.spring.boot.SpringBootCamelContext | start : 2383 | Apache Camel 3.0.0-RC3 (CamelContext: ServicesRest) started in 0.514 seconds
2020-05-01 14:58:53.772 | [INFO ] | [main] | org.apache.camel.impl.engine.DefaultTracer org.apache.camel.Tracing | traceBeforeRoute : 129 | *--> [message-hand] [from[direct:from]                ] Exchange[Id: ID-DESKTOP-8KK3OFN-1588341533766-0-1, BodyType: java.io.File, Body: [Body is file based: test\resources\test-message.json]]
2020-05-01 14:58:53.774 | [INFO ] | [main] | org.apache.camel.impl.engine.DefaultTracer org.apache.camel.Tracing | dumpTrace : 233 |      [message-hand] [log                              ] Exchange[Id: ID-DESKTOP-8KK3OFN-1588341533766-0-1, BodyType: java.io.File, Body: [Body is file based: test\resources\test-message.json]]
2020-05-01 14:58:53.812 | [ERROR] | [main] | org.apache.camel.spi.CamelLogger org.apache.camel.processor.errorhandler.DefaultErrorHandler | log : 203 | Failed delivery for (MessageId: ID-DESKTOP-8KK3OFN-1588341533766-0-2 on ExchangeId: ID-DESKTOP-8KK3OFN-1588341533766-0-1). Exhausted after delivery attempt: 1 caught: org.apache.camel.language.bean.RuntimeBeanExpressionException: Failed to invoke method: message on null due to: org.apache.camel.component.bean.MethodNotFoundException: Method with name: message not found on bean: test\resources\test-message.json of type: java.io.File on the exchange: Exchange[ID-DESKTOP-8KK3OFN-1588341533766-0-1]

Message History
---------------------------------------------------------------------------------------------------------------------------------------
RouteId              ProcessorId          Processor                                                                        Elapsed (ms)
[message-handler   ] [message-handler   ] [from[direct://from]                                                           ] [        46]
[message-handler   ] [log1              ] [log                                                                           ] [         0]

Stacktrace
---------------------------------------------------------------------------------------------------------------------------------------
org.apache.camel.language.bean.RuntimeBeanExpressionException: Failed to invoke method: message on null due to: org.apache.camel.component.bean.MethodNotFoundException: Method with name: message not found on bean: test\resources\test-message.json of type: java.io.File on the exchange: Exchange[ID-DESKTOP-8KK3OFN-1588341533766-0-1]
	at org.apache.camel.language.bean.BeanExpression.invokeOgnlMethod(BeanExpression.java:400) ~[camel-bean-3.0.0-RC3.jar:3.0.0-RC3]
	at org.apache.camel.language.bean.BeanExpression.evaluate(BeanExpression.java:149) ~[camel-bean-3.0.0-RC3.jar:3.0.0-RC3]
	at org.apache.camel.language.bean.BeanExpression.evaluate(BeanExpression.java:171) ~[camel-bean-3.0.0-RC3.jar:3.0.0-RC3]
	at org.apache.camel.support.builder.ExpressionBuilder$56.evaluate(ExpressionBuilder.java:1294) ~[camel-support-3.0.0-RC3.jar:3.0.0-RC3]
	at org.apache.camel.support.ExpressionAdapter.evaluate(ExpressionAdapter.java:36) ~[camel-support-3.0.0-RC3.jar:3.0.0-RC3]
	at org.apache.camel.language.simple.SimpleExpressionBuilder$29.evaluate(SimpleExpressionBuilder.java:668) ~[camel-base-3.0.0-RC3.jar:3.0.0-RC3]
	at org.apache.camel.support.ExpressionAdapter.evaluate(ExpressionAdapter.java:36) ~[camel-support-3.0.0-RC3.jar:3.0.0-RC3]
	at org.apache.camel.support.builder.ExpressionBuilder$50.evaluate(ExpressionBuilder.java:1171) ~[camel-support-3.0.0-RC3.jar:3.0.0-RC3]
	at org.apache.camel.support.ExpressionAdapter.evaluate(ExpressionAdapter.java:36) ~[camel-support-3.0.0-RC3.jar:3.0.0-RC3]
	at org.apache.camel.processor.LogProcessor.process(LogProcessor.java:53) ~[camel-base-3.0.0-RC3.jar:3.0.0-RC3]
	at org.apache.camel.processor.errorhandler.RedeliveryErrorHandler$RedeliveryState.run(RedeliveryErrorHandler.java:476) [camel-base-3.0.0-RC3.jar:3.0.0-RC3]
	at org.apache.camel.impl.engine.DefaultReactiveExecutor$Worker.schedule(DefaultReactiveExecutor.java:185) [camel-base-3.0.0-RC3.jar:3.0.0-RC3]
	at org.apache.camel.impl.engine.DefaultReactiveExecutor.scheduleMain(DefaultReactiveExecutor.java:59) [camel-base-3.0.0-RC3.jar:3.0.0-RC3]
	at org.apache.camel.processor.Pipeline.process(Pipeline.java:87) [camel-base-3.0.0-RC3.jar:3.0.0-RC3]
	at org.apache.camel.processor.CamelInternalProcessor.process(CamelInternalProcessor.java:228) [camel-base-3.0.0-RC3.jar:3.0.0-RC3]
	at org.apache.camel.component.direct.DirectProducer.process(DirectProducer.java:74) [camel-direct-3.0.0-RC3.jar:3.0.0-RC3]
	at org.apache.camel.processor.SharedCamelInternalProcessor.process(SharedCamelInternalProcessor.java:189) [camel-base-3.0.0-RC3.jar:3.0.0-RC3]
	at org.apache.camel.processor.SharedCamelInternalProcessor$1.process(SharedCamelInternalProcessor.java:90) [camel-base-3.0.0-RC3.jar:3.0.0-RC3]
	at org.apache.camel.impl.engine.DefaultAsyncProcessorAwaitManager.process(DefaultAsyncProcessorAwaitManager.java:78) [camel-base-3.0.0-RC3.jar:3.0.0-RC3]
	at org.apache.camel.processor.SharedCamelInternalProcessor.process(SharedCamelInternalProcessor.java:87) [camel-base-3.0.0-RC3.jar:3.0.0-RC3]
	at org.apache.camel.impl.engine.DefaultProducerCache.send(DefaultProducerCache.java:175) [camel-base-3.0.0-RC3.jar:3.0.0-RC3]
	at org.apache.camel.impl.engine.DefaultProducerTemplate.send(DefaultProducerTemplate.java:176) [camel-base-3.0.0-RC3.jar:3.0.0-RC3]
	at org.apache.camel.impl.engine.DefaultProducerTemplate.send(DefaultProducerTemplate.java:172) [camel-base-3.0.0-RC3.jar:3.0.0-RC3]
	at org.apache.camel.impl.engine.DefaultProducerTemplate.send(DefaultProducerTemplate.java:153) [camel-base-3.0.0-RC3.jar:3.0.0-RC3]
	at org.apache.camel.impl.engine.DefaultProducerTemplate.sendBody(DefaultProducerTemplate.java:187) [camel-base-3.0.0-RC3.jar:3.0.0-RC3]
	at org.apache.camel.impl.engine.DefaultProducerTemplate.sendBody(DefaultProducerTemplate.java:430) [camel-base-3.0.0-RC3.jar:3.0.0-RC3]
	at com.grantlee289.springcamel.routes.MessageHandlerRouteTest.sendMessage(MessageHandlerRouteTest.java:39) [test-classes/:?]
	at jdk.internal.reflect.NativeMethodAccessorImpl.invoke0(Native Method) ~[?:?]
	at jdk.internal.reflect.NativeMethodAccessorImpl.invoke(NativeMethodAccessorImpl.java:62) ~[?:?]
	at jdk.internal.reflect.DelegatingMethodAccessorImpl.invoke(DelegatingMethodAccessorImpl.java:43) ~[?:?]
	at java.lang.reflect.Method.invoke(Method.java:567) ~[?:?]
	at org.junit.runners.model.FrameworkMethod$1.runReflectiveCall(FrameworkMethod.java:59) [junit-4.13.jar:4.13]
	at org.junit.internal.runners.model.ReflectiveCallable.run(ReflectiveCallable.java:12) [junit-4.13.jar:4.13]
	at org.junit.runners.model.FrameworkMethod.invokeExplosively(FrameworkMethod.java:56) [junit-4.13.jar:4.13]
	at org.junit.internal.runners.statements.InvokeMethod.evaluate(InvokeMethod.java:17) [junit-4.13.jar:4.13]
	at org.springframework.test.context.junit4.statements.RunBeforeTestExecutionCallbacks.evaluate(RunBeforeTestExecutionCallbacks.java:74) [spring-test-5.2.5.RELEASE.jar:5.2.5.RELEASE]
	at org.springframework.test.context.junit4.statements.RunAfterTestExecutionCallbacks.evaluate(RunAfterTestExecutionCallbacks.java:84) [spring-test-5.2.5.RELEASE.jar:5.2.5.RELEASE]
	at org.springframework.test.context.junit4.statements.RunBeforeTestMethodCallbacks.evaluate(RunBeforeTestMethodCallbacks.java:75) [spring-test-5.2.5.RELEASE.jar:5.2.5.RELEASE]
	at org.springframework.test.context.junit4.statements.RunAfterTestMethodCallbacks.evaluate(RunAfterTestMethodCallbacks.java:86) [spring-test-5.2.5.RELEASE.jar:5.2.5.RELEASE]
	at org.springframework.test.context.junit4.statements.SpringRepeat.evaluate(SpringRepeat.java:84) [spring-test-5.2.5.RELEASE.jar:5.2.5.RELEASE]
	at org.junit.runners.ParentRunner.runLeaf(ParentRunner.java:366) [junit-4.13.jar:4.13]
	at org.springframework.test.context.junit4.SpringJUnit4ClassRunner.runChild(SpringJUnit4ClassRunner.java:251) [spring-test-5.2.5.RELEASE.jar:5.2.5.RELEASE]
	at org.springframework.test.context.junit4.SpringJUnit4ClassRunner.runChild(SpringJUnit4ClassRunner.java:97) [spring-test-5.2.5.RELEASE.jar:5.2.5.RELEASE]
	at org.junit.runners.ParentRunner$4.run(ParentRunner.java:331) [junit-4.13.jar:4.13]
	at org.junit.runners.ParentRunner$1.schedule(ParentRunner.java:79) [junit-4.13.jar:4.13]
	at org.junit.runners.ParentRunner.runChildren(ParentRunner.java:329) [junit-4.13.jar:4.13]
	at org.junit.runners.ParentRunner.access$100(ParentRunner.java:66) [junit-4.13.jar:4.13]
	at org.junit.runners.ParentRunner$2.evaluate(ParentRunner.java:293) [junit-4.13.jar:4.13]
	at org.springframework.test.context.junit4.statements.RunBeforeTestClassCallbacks.evaluate(RunBeforeTestClassCallbacks.java:61) [spring-test-5.2.5.RELEASE.jar:5.2.5.RELEASE]
	at org.springframework.test.context.junit4.statements.RunAfterTestClassCallbacks.evaluate(RunAfterTestClassCallbacks.java:70) [spring-test-5.2.5.RELEASE.jar:5.2.5.RELEASE]
	at org.junit.runners.ParentRunner$3.evaluate(ParentRunner.java:306) [junit-4.13.jar:4.13]
	at org.junit.runners.ParentRunner.run(ParentRunner.java:413) [junit-4.13.jar:4.13]
	at org.springframework.test.context.junit4.SpringJUnit4ClassRunner.run(SpringJUnit4ClassRunner.java:190) [spring-test-5.2.5.RELEASE.jar:5.2.5.RELEASE]
	at org.junit.runner.JUnitCore.run(JUnitCore.java:137) [junit-4.13.jar:4.13]
	at com.intellij.junit4.JUnit4IdeaTestRunner.startRunnerWithArgs(JUnit4IdeaTestRunner.java:68) [junit-rt.jar:?]
	at com.intellij.rt.junit.IdeaTestRunner$Repeater.startRunnerWithArgs(IdeaTestRunner.java:33) [junit-rt.jar:?]
	at com.intellij.rt.junit.JUnitStarter.prepareStreamsAndStart(JUnitStarter.java:230) [junit-rt.jar:?]
	at com.intellij.rt.junit.JUnitStarter.main(JUnitStarter.java:58) [junit-rt.jar:?]
Caused by: org.apache.camel.component.bean.MethodNotFoundException: Method with name: message not found on bean: test\resources\test-message.json of type: java.io.File on the exchange: Exchange[ID-DESKTOP-8KK3OFN-1588341533766-0-1]
	at org.apache.camel.component.bean.BeanInfo.createInvocation(BeanInfo.java:279) ~[camel-bean-3.0.0-RC3.jar:3.0.0-RC3]
	at org.apache.camel.component.bean.BeanInfo.createInvocation(BeanInfo.java:186) ~[camel-bean-3.0.0-RC3.jar:3.0.0-RC3]
	at org.apache.camel.component.bean.AbstractBeanProcessor.process(AbstractBeanProcessor.java:129) ~[camel-bean-3.0.0-RC3.jar:3.0.0-RC3]
	at org.apache.camel.impl.engine.DefaultAsyncProcessorAwaitManager.process(DefaultAsyncProcessorAwaitManager.java:78) ~[camel-base-3.0.0-RC3.jar:3.0.0-RC3]
	at org.apache.camel.support.AsyncProcessorSupport.process(AsyncProcessorSupport.java:40) ~[camel-support-3.0.0-RC3.jar:3.0.0-RC3]
	at org.apache.camel.language.bean.BeanExpression.invokeBean(BeanExpression.java:297) ~[camel-bean-3.0.0-RC3.jar:3.0.0-RC3]
	at org.apache.camel.language.bean.BeanExpression.invokeOgnlMethod(BeanExpression.java:396) ~[camel-bean-3.0.0-RC3.jar:3.0.0-RC3]
	... 57 more
2020-05-01 14:58:53.824 | [INFO ] | [main] | org.apache.camel.impl.engine.DefaultTracer org.apache.camel.Tracing | dumpTrace : 233 | *<-- [message-hand] [from[direct://from]              ] Exchange[Id: ID-DESKTOP-8KK3OFN-1588341533766-0-1, BodyType: java.io.File, Body: [Body is file based: test\resources\test-message.json]]
2020-05-01 14:58:53.832 | [INFO ] | [main] | org.apache.camel.impl.engine.AbstractCamelContext org.apache.camel.spring.boot.SpringBootCamelContext | doStop : 2656 | Apache Camel 3.0.0-RC3 (CamelContext: ServicesRest) is shutting down
2020-05-01 14:58:53.833 | [INFO ] | [main] | org.apache.camel.impl.engine.DefaultShutdownStrategy org.apache.camel.impl.engine.DefaultShutdownStrategy | doShutdown : 192 | Starting to graceful shutdown 3 routes (timeout 10 seconds)
2020-05-01 14:58:53.837 | [INFO ] | [Camel (ServicesRest) thread #1 - ShutdownTask] | org.apache.camel.impl.engine.DefaultShutdownStrategy$ShutdownTask org.apache.camel.impl.engine.DefaultShutdownStrategy | run : 683 | Route: route1 shutdown complete, was consuming from: servlet:/spring-camel-api/messages?httpMethodRestrict=POST%2COPTIONS&optionsEnabled=true
2020-05-01 14:58:53.838 | [INFO ] | [Camel (ServicesRest) thread #1 - ShutdownTask] | org.apache.camel.impl.engine.DefaultShutdownStrategy$ShutdownTask org.apache.camel.impl.engine.DefaultShutdownStrategy | run : 683 | Route: doc-api shutdown complete, was consuming from: servlet:/api-doc?httpMethodRestrict=GET%2COPTIONS&matchOnUriPrefix=true&optionsEnabled=true
2020-05-01 14:58:53.839 | [INFO ] | [Camel (ServicesRest) thread #1 - ShutdownTask] | org.apache.camel.impl.engine.DefaultShutdownStrategy$ShutdownTask org.apache.camel.impl.engine.DefaultShutdownStrategy | run : 683 | Route: message-handler shutdown complete, was consuming from: direct://from
2020-05-01 14:58:53.839 | [INFO ] | [main] | org.apache.camel.impl.engine.DefaultShutdownStrategy org.apache.camel.impl.engine.DefaultShutdownStrategy | doShutdown : 257 | Graceful shutdown of 3 routes completed in 0 seconds
2020-05-01 14:58:53.844 | [INFO ] | [main] | org.apache.camel.impl.engine.AbstractCamelContext org.apache.camel.spring.boot.SpringBootCamelContext | doStop : 2769 | Apache Camel 3.0.0-RC3 (CamelContext: ServicesRest) uptime 0.945 seconds
2020-05-01 14:58:53.845 | [INFO ] | [main] | org.apache.camel.impl.engine.AbstractCamelContext org.apache.camel.spring.boot.SpringBootCamelContext | doStop : 2770 | Apache Camel 3.0.0-RC3 (CamelContext: ServicesRest) is shutdown in 0.013 seconds
2020-05-01 14:58:53.846 | [INFO ] | [main] | org.springframework.scheduling.concurrent.ExecutorConfigurationSupport org.springframework.scheduling.concurrent.ThreadPoolTaskExecutor | shutdown : 218 | Shutting down ExecutorService 'applicationTaskExecutor'
2020-05-01 14:58:53.847 | [INFO ] | [main] | org.apache.camel.test.spring.StopWatchTestExecutionListener com.grantlee289.springcamel.routes.MessageHandlerRouteTest | afterTestMethod : 53 | ********************************************************************************
2020-05-01 14:58:53.848 | [INFO ] | [main] | org.apache.camel.test.spring.StopWatchTestExecutionListener com.grantlee289.springcamel.routes.MessageHandlerRouteTest | afterTestMethod : 54 | Testing done: sendMessage(com.grantlee289.springcamel.routes.MessageHandlerRouteTest)
2020-05-01 14:58:53.848 | [INFO ] | [main] | org.apache.camel.test.spring.StopWatchTestExecutionListener com.grantlee289.springcamel.routes.MessageHandlerRouteTest | afterTestMethod : 55 | Took: 0.431 seconds (431 millis)
2020-05-01 14:58:53.848 | [INFO ] | [main] | org.apache.camel.test.spring.StopWatchTestExecutionListener com.grantlee289.springcamel.routes.MessageHandlerRouteTest | afterTestMethod : 56 | ********************************************************************************
2020-05-01 14:58:53.848 | [INFO ] | [main] | org.apache.camel.test.spring.CamelSpringBootExecutionListener org.apache.camel.test.spring.CamelSpringBootExecutionListener | afterTestMethod : 83 | @RunWith(CamelSpringBootRunner.class) after: class com.grantlee289.springcamel.routes.MessageHandlerRouteTest.sendMessage
2020-05-01 15:00:52.587 | [INFO ] | [main] | org.springframework.boot.StartupInfoLogger com.grantlee289.springcamel.routes.MessageHandlerRouteTest | logStarting : 55 | Starting MessageHandlerRouteTest on DESKTOP-8KK3OFN with PID 14620 (started by 44795 in C:\Users\44795\IdeaProjects\spring-camel-api)
2020-05-01 15:00:52.604 | [INFO ] | [main] | org.springframework.boot.SpringApplication com.grantlee289.springcamel.routes.MessageHandlerRouteTest | logStartupProfileInfo : 651 | No active profile set, falling back to default profiles: default
2020-05-01 15:00:53.500 | [INFO ] | [main] | org.springframework.context.support.PostProcessorRegistrationDelegate$BeanPostProcessorChecker org.springframework.context.support.PostProcessorRegistrationDelegate$BeanPostProcessorChecker | postProcessAfterInitialization : 330 | Bean 'org.apache.camel.spring.boot.CamelAutoConfiguration' of type [org.apache.camel.spring.boot.CamelAutoConfiguration$$EnhancerBySpringCGLIB$$daa42362] is not eligible for getting processed by all BeanPostProcessors (for example: not eligible for auto-proxying)
2020-05-01 15:00:53.869 | [WARN ] | [main] | org.springframework.boot.autoconfigure.jackson.JacksonAutoConfiguration$JodaDateTimeJacksonConfiguration org.springframework.boot.autoconfigure.jackson.JacksonAutoConfiguration$JodaDateTimeJacksonConfiguration | jodaDateTimeSerializationModule : 123 | Auto-configuration of Jackson's Joda-Time integration is deprecated in favor of using java.time (JSR-310).
2020-05-01 15:00:53.955 | [INFO ] | [main] | org.springframework.scheduling.concurrent.ExecutorConfigurationSupport org.springframework.scheduling.concurrent.ThreadPoolTaskExecutor | initialize : 181 | Initializing ExecutorService 'applicationTaskExecutor'
2020-05-01 15:00:54.278 | [WARN ] | [main] | org.apache.camel.impl.engine.DefaultCamelBeanPostProcessor org.apache.camel.impl.engine.DefaultCamelBeanPostProcessor | postProcessBeforeInitialization : 101 | No CamelContext defined yet so cannot inject into bean: properties
2020-05-01 15:00:54.832 | [INFO ] | [main] | org.apache.camel.spring.boot.SpringBootRoutesCollector org.apache.camel.spring.boot.SpringBootRoutesCollector | collectXmlRoutesFromDirectory : 119 | Loading additional Camel XML routes from: classpath:camel/*.xml
2020-05-01 15:00:54.833 | [INFO ] | [main] | org.apache.camel.spring.boot.SpringBootRoutesCollector org.apache.camel.spring.boot.SpringBootRoutesCollector | collectXmlRestsFromDirectory : 143 | Loading additional Camel XML rests from: classpath:camel-rest/*.xml
2020-05-01 15:00:54.841 | [INFO ] | [main] | org.springframework.boot.StartupInfoLogger com.grantlee289.springcamel.routes.MessageHandlerRouteTest | logStarted : 61 | Started MessageHandlerRouteTest in 2.493 seconds (JVM running for 4.197)
2020-05-01 15:00:54.844 | [INFO ] | [main] | org.apache.camel.test.spring.CamelAnnotationsHandler$4 org.apache.camel.test.spring.CamelAnnotationsHandler | execute : 229 | Setting shutdown timeout to [10 SECONDS] on CamelContext with name [camelContext].
2020-05-01 15:00:54.888 | [INFO ] | [main] | org.apache.camel.test.spring.CamelSpringBootExecutionListener org.apache.camel.test.spring.CamelSpringBootExecutionListener | beforeTestMethod : 63 | @RunWith(CamelSpringBootRunner.class) before: class com.grantlee289.springcamel.routes.MessageHandlerRouteTest.sendMessage
2020-05-01 15:00:54.890 | [INFO ] | [main] | org.apache.camel.test.spring.CamelSpringBootExecutionListener org.apache.camel.test.spring.CamelSpringBootExecutionListener | beforeTestMethod : 77 | Initialized CamelSpringBootRunner now ready to start CamelContext
2020-05-01 15:00:54.891 | [INFO ] | [main] | org.apache.camel.test.spring.CamelAnnotationsHandler$8 org.apache.camel.test.spring.CamelAnnotationsHandler | execute : 357 | Starting CamelContext with name [camelContext].
2020-05-01 15:00:54.892 | [INFO ] | [main] | org.apache.camel.impl.engine.AbstractCamelContext org.apache.camel.spring.boot.SpringBootCamelContext | start : 2321 | Apache Camel 3.0.0-RC3 (CamelContext: ServicesRest) is starting
2020-05-01 15:00:54.893 | [INFO ] | [main] | org.apache.camel.management.JmxManagementStrategy org.apache.camel.management.JmxManagementStrategy | doStart : 96 | JMX is enabled
2020-05-01 15:00:55.284 | [INFO ] | [main] | org.apache.camel.impl.engine.AbstractCamelContext org.apache.camel.spring.boot.SpringBootCamelContext | doStartCamel : 2605 | StreamCaching is not in use. If using streams then its recommended to enable stream caching. See more details at http://camel.apache.org/stream-caching.html
2020-05-01 15:00:55.387 | [INFO ] | [main] | org.apache.camel.component.jackson.JacksonDataFormat org.apache.camel.component.jackson.JacksonDataFormat | doStart : 486 | Found single ObjectMapper in Registry to use: com.fasterxml.jackson.databind.ObjectMapper@1fc3df43
2020-05-01 15:00:55.388 | [INFO ] | [main] | org.apache.camel.component.jackson.JacksonDataFormat org.apache.camel.component.jackson.JacksonDataFormat | doStart : 486 | Found single ObjectMapper in Registry to use: com.fasterxml.jackson.databind.ObjectMapper@1fc3df43
2020-05-01 15:00:55.392 | [INFO ] | [main] | org.apache.camel.impl.engine.AbstractCamelContext org.apache.camel.spring.boot.SpringBootCamelContext | doStartOrResumeRouteConsumers : 3222 | Route: message-handler started and consuming from: direct://messageService
2020-05-01 15:00:55.395 | [INFO ] | [main] | org.apache.camel.impl.engine.AbstractCamelContext org.apache.camel.spring.boot.SpringBootCamelContext | doStartOrResumeRouteConsumers : 3222 | Route: doc-api started and consuming from: servlet:/api-doc?httpMethodRestrict=GET%2COPTIONS&matchOnUriPrefix=true&optionsEnabled=true
2020-05-01 15:00:55.396 | [INFO ] | [main] | org.apache.camel.impl.engine.AbstractCamelContext org.apache.camel.spring.boot.SpringBootCamelContext | doStartOrResumeRouteConsumers : 3222 | Route: route1 started and consuming from: servlet:/spring-camel-api/messages?httpMethodRestrict=POST%2COPTIONS&optionsEnabled=true
2020-05-01 15:00:55.400 | [INFO ] | [main] | org.apache.camel.impl.engine.AbstractCamelContext org.apache.camel.spring.boot.SpringBootCamelContext | start : 2378 | Total 3 routes, of which 3 are started
2020-05-01 15:00:55.402 | [INFO ] | [main] | org.apache.camel.impl.engine.AbstractCamelContext org.apache.camel.spring.boot.SpringBootCamelContext | start : 2383 | Apache Camel 3.0.0-RC3 (CamelContext: ServicesRest) started in 0.508 seconds
2020-05-01 15:00:55.785 | [INFO ] | [main] | org.apache.camel.impl.engine.DefaultTracer org.apache.camel.Tracing | traceBeforeRoute : 129 | *--> [message-hand] [from[direct:messageService]      ] Exchange[Id: ID-DESKTOP-8KK3OFN-1588341655779-0-1, BodyType: java.io.File, Body: [Body is file based: test\resources\test-message.json]]
2020-05-01 15:00:55.786 | [INFO ] | [main] | org.apache.camel.impl.engine.DefaultTracer org.apache.camel.Tracing | dumpTrace : 233 |      [message-hand] [log                              ] Exchange[Id: ID-DESKTOP-8KK3OFN-1588341655779-0-1, BodyType: java.io.File, Body: [Body is file based: test\resources\test-message.json]]
2020-05-01 15:00:55.826 | [ERROR] | [main] | org.apache.camel.spi.CamelLogger org.apache.camel.processor.errorhandler.DefaultErrorHandler | log : 203 | Failed delivery for (MessageId: ID-DESKTOP-8KK3OFN-1588341655779-0-2 on ExchangeId: ID-DESKTOP-8KK3OFN-1588341655779-0-1). Exhausted after delivery attempt: 1 caught: org.apache.camel.language.bean.RuntimeBeanExpressionException: Failed to invoke method: message on null due to: org.apache.camel.component.bean.MethodNotFoundException: Method with name: message not found on bean: test\resources\test-message.json of type: java.io.File on the exchange: Exchange[ID-DESKTOP-8KK3OFN-1588341655779-0-1]

Message History
---------------------------------------------------------------------------------------------------------------------------------------
RouteId              ProcessorId          Processor                                                                        Elapsed (ms)
[message-handler   ] [message-handler   ] [from[direct://messageService]                                                 ] [        47]
[message-handler   ] [log1              ] [log                                                                           ] [         0]

Stacktrace
---------------------------------------------------------------------------------------------------------------------------------------
org.apache.camel.language.bean.RuntimeBeanExpressionException: Failed to invoke method: message on null due to: org.apache.camel.component.bean.MethodNotFoundException: Method with name: message not found on bean: test\resources\test-message.json of type: java.io.File on the exchange: Exchange[ID-DESKTOP-8KK3OFN-1588341655779-0-1]
	at org.apache.camel.language.bean.BeanExpression.invokeOgnlMethod(BeanExpression.java:400) ~[camel-bean-3.0.0-RC3.jar:3.0.0-RC3]
	at org.apache.camel.language.bean.BeanExpression.evaluate(BeanExpression.java:149) ~[camel-bean-3.0.0-RC3.jar:3.0.0-RC3]
	at org.apache.camel.language.bean.BeanExpression.evaluate(BeanExpression.java:171) ~[camel-bean-3.0.0-RC3.jar:3.0.0-RC3]
	at org.apache.camel.support.builder.ExpressionBuilder$56.evaluate(ExpressionBuilder.java:1294) ~[camel-support-3.0.0-RC3.jar:3.0.0-RC3]
	at org.apache.camel.support.ExpressionAdapter.evaluate(ExpressionAdapter.java:36) ~[camel-support-3.0.0-RC3.jar:3.0.0-RC3]
	at org.apache.camel.language.simple.SimpleExpressionBuilder$29.evaluate(SimpleExpressionBuilder.java:668) ~[camel-base-3.0.0-RC3.jar:3.0.0-RC3]
	at org.apache.camel.support.ExpressionAdapter.evaluate(ExpressionAdapter.java:36) ~[camel-support-3.0.0-RC3.jar:3.0.0-RC3]
	at org.apache.camel.support.builder.ExpressionBuilder$50.evaluate(ExpressionBuilder.java:1171) ~[camel-support-3.0.0-RC3.jar:3.0.0-RC3]
	at org.apache.camel.support.ExpressionAdapter.evaluate(ExpressionAdapter.java:36) ~[camel-support-3.0.0-RC3.jar:3.0.0-RC3]
	at org.apache.camel.processor.LogProcessor.process(LogProcessor.java:53) ~[camel-base-3.0.0-RC3.jar:3.0.0-RC3]
	at org.apache.camel.processor.errorhandler.RedeliveryErrorHandler$RedeliveryState.run(RedeliveryErrorHandler.java:476) [camel-base-3.0.0-RC3.jar:3.0.0-RC3]
	at org.apache.camel.impl.engine.DefaultReactiveExecutor$Worker.schedule(DefaultReactiveExecutor.java:185) [camel-base-3.0.0-RC3.jar:3.0.0-RC3]
	at org.apache.camel.impl.engine.DefaultReactiveExecutor.scheduleMain(DefaultReactiveExecutor.java:59) [camel-base-3.0.0-RC3.jar:3.0.0-RC3]
	at org.apache.camel.processor.Pipeline.process(Pipeline.java:87) [camel-base-3.0.0-RC3.jar:3.0.0-RC3]
	at org.apache.camel.processor.CamelInternalProcessor.process(CamelInternalProcessor.java:228) [camel-base-3.0.0-RC3.jar:3.0.0-RC3]
	at org.apache.camel.component.direct.DirectProducer.process(DirectProducer.java:74) [camel-direct-3.0.0-RC3.jar:3.0.0-RC3]
	at org.apache.camel.processor.SharedCamelInternalProcessor.process(SharedCamelInternalProcessor.java:189) [camel-base-3.0.0-RC3.jar:3.0.0-RC3]
	at org.apache.camel.processor.SharedCamelInternalProcessor$1.process(SharedCamelInternalProcessor.java:90) [camel-base-3.0.0-RC3.jar:3.0.0-RC3]
	at org.apache.camel.impl.engine.DefaultAsyncProcessorAwaitManager.process(DefaultAsyncProcessorAwaitManager.java:78) [camel-base-3.0.0-RC3.jar:3.0.0-RC3]
	at org.apache.camel.processor.SharedCamelInternalProcessor.process(SharedCamelInternalProcessor.java:87) [camel-base-3.0.0-RC3.jar:3.0.0-RC3]
	at org.apache.camel.impl.engine.DefaultProducerCache.send(DefaultProducerCache.java:175) [camel-base-3.0.0-RC3.jar:3.0.0-RC3]
	at org.apache.camel.impl.engine.DefaultProducerTemplate.send(DefaultProducerTemplate.java:176) [camel-base-3.0.0-RC3.jar:3.0.0-RC3]
	at org.apache.camel.impl.engine.DefaultProducerTemplate.send(DefaultProducerTemplate.java:172) [camel-base-3.0.0-RC3.jar:3.0.0-RC3]
	at org.apache.camel.impl.engine.DefaultProducerTemplate.send(DefaultProducerTemplate.java:153) [camel-base-3.0.0-RC3.jar:3.0.0-RC3]
	at org.apache.camel.impl.engine.DefaultProducerTemplate.sendBody(DefaultProducerTemplate.java:187) [camel-base-3.0.0-RC3.jar:3.0.0-RC3]
	at org.apache.camel.impl.engine.DefaultProducerTemplate.sendBody(DefaultProducerTemplate.java:430) [camel-base-3.0.0-RC3.jar:3.0.0-RC3]
	at com.grantlee289.springcamel.routes.MessageHandlerRouteTest.sendMessage(MessageHandlerRouteTest.java:39) [test-classes/:?]
	at jdk.internal.reflect.NativeMethodAccessorImpl.invoke0(Native Method) ~[?:?]
	at jdk.internal.reflect.NativeMethodAccessorImpl.invoke(NativeMethodAccessorImpl.java:62) ~[?:?]
	at jdk.internal.reflect.DelegatingMethodAccessorImpl.invoke(DelegatingMethodAccessorImpl.java:43) ~[?:?]
	at java.lang.reflect.Method.invoke(Method.java:567) ~[?:?]
	at org.junit.runners.model.FrameworkMethod$1.runReflectiveCall(FrameworkMethod.java:59) [junit-4.13.jar:4.13]
	at org.junit.internal.runners.model.ReflectiveCallable.run(ReflectiveCallable.java:12) [junit-4.13.jar:4.13]
	at org.junit.runners.model.FrameworkMethod.invokeExplosively(FrameworkMethod.java:56) [junit-4.13.jar:4.13]
	at org.junit.internal.runners.statements.InvokeMethod.evaluate(InvokeMethod.java:17) [junit-4.13.jar:4.13]
	at org.springframework.test.context.junit4.statements.RunBeforeTestExecutionCallbacks.evaluate(RunBeforeTestExecutionCallbacks.java:74) [spring-test-5.2.5.RELEASE.jar:5.2.5.RELEASE]
	at org.springframework.test.context.junit4.statements.RunAfterTestExecutionCallbacks.evaluate(RunAfterTestExecutionCallbacks.java:84) [spring-test-5.2.5.RELEASE.jar:5.2.5.RELEASE]
	at org.springframework.test.context.junit4.statements.RunBeforeTestMethodCallbacks.evaluate(RunBeforeTestMethodCallbacks.java:75) [spring-test-5.2.5.RELEASE.jar:5.2.5.RELEASE]
	at org.springframework.test.context.junit4.statements.RunAfterTestMethodCallbacks.evaluate(RunAfterTestMethodCallbacks.java:86) [spring-test-5.2.5.RELEASE.jar:5.2.5.RELEASE]
	at org.springframework.test.context.junit4.statements.SpringRepeat.evaluate(SpringRepeat.java:84) [spring-test-5.2.5.RELEASE.jar:5.2.5.RELEASE]
	at org.junit.runners.ParentRunner.runLeaf(ParentRunner.java:366) [junit-4.13.jar:4.13]
	at org.springframework.test.context.junit4.SpringJUnit4ClassRunner.runChild(SpringJUnit4ClassRunner.java:251) [spring-test-5.2.5.RELEASE.jar:5.2.5.RELEASE]
	at org.springframework.test.context.junit4.SpringJUnit4ClassRunner.runChild(SpringJUnit4ClassRunner.java:97) [spring-test-5.2.5.RELEASE.jar:5.2.5.RELEASE]
	at org.junit.runners.ParentRunner$4.run(ParentRunner.java:331) [junit-4.13.jar:4.13]
	at org.junit.runners.ParentRunner$1.schedule(ParentRunner.java:79) [junit-4.13.jar:4.13]
	at org.junit.runners.ParentRunner.runChildren(ParentRunner.java:329) [junit-4.13.jar:4.13]
	at org.junit.runners.ParentRunner.access$100(ParentRunner.java:66) [junit-4.13.jar:4.13]
	at org.junit.runners.ParentRunner$2.evaluate(ParentRunner.java:293) [junit-4.13.jar:4.13]
	at org.springframework.test.context.junit4.statements.RunBeforeTestClassCallbacks.evaluate(RunBeforeTestClassCallbacks.java:61) [spring-test-5.2.5.RELEASE.jar:5.2.5.RELEASE]
	at org.springframework.test.context.junit4.statements.RunAfterTestClassCallbacks.evaluate(RunAfterTestClassCallbacks.java:70) [spring-test-5.2.5.RELEASE.jar:5.2.5.RELEASE]
	at org.junit.runners.ParentRunner$3.evaluate(ParentRunner.java:306) [junit-4.13.jar:4.13]
	at org.junit.runners.ParentRunner.run(ParentRunner.java:413) [junit-4.13.jar:4.13]
	at org.springframework.test.context.junit4.SpringJUnit4ClassRunner.run(SpringJUnit4ClassRunner.java:190) [spring-test-5.2.5.RELEASE.jar:5.2.5.RELEASE]
	at org.junit.runner.JUnitCore.run(JUnitCore.java:137) [junit-4.13.jar:4.13]
	at com.intellij.junit4.JUnit4IdeaTestRunner.startRunnerWithArgs(JUnit4IdeaTestRunner.java:68) [junit-rt.jar:?]
	at com.intellij.rt.junit.IdeaTestRunner$Repeater.startRunnerWithArgs(IdeaTestRunner.java:33) [junit-rt.jar:?]
	at com.intellij.rt.junit.JUnitStarter.prepareStreamsAndStart(JUnitStarter.java:230) [junit-rt.jar:?]
	at com.intellij.rt.junit.JUnitStarter.main(JUnitStarter.java:58) [junit-rt.jar:?]
Caused by: org.apache.camel.component.bean.MethodNotFoundException: Method with name: message not found on bean: test\resources\test-message.json of type: java.io.File on the exchange: Exchange[ID-DESKTOP-8KK3OFN-1588341655779-0-1]
	at org.apache.camel.component.bean.BeanInfo.createInvocation(BeanInfo.java:279) ~[camel-bean-3.0.0-RC3.jar:3.0.0-RC3]
	at org.apache.camel.component.bean.BeanInfo.createInvocation(BeanInfo.java:186) ~[camel-bean-3.0.0-RC3.jar:3.0.0-RC3]
	at org.apache.camel.component.bean.AbstractBeanProcessor.process(AbstractBeanProcessor.java:129) ~[camel-bean-3.0.0-RC3.jar:3.0.0-RC3]
	at org.apache.camel.impl.engine.DefaultAsyncProcessorAwaitManager.process(DefaultAsyncProcessorAwaitManager.java:78) ~[camel-base-3.0.0-RC3.jar:3.0.0-RC3]
	at org.apache.camel.support.AsyncProcessorSupport.process(AsyncProcessorSupport.java:40) ~[camel-support-3.0.0-RC3.jar:3.0.0-RC3]
	at org.apache.camel.language.bean.BeanExpression.invokeBean(BeanExpression.java:297) ~[camel-bean-3.0.0-RC3.jar:3.0.0-RC3]
	at org.apache.camel.language.bean.BeanExpression.invokeOgnlMethod(BeanExpression.java:396) ~[camel-bean-3.0.0-RC3.jar:3.0.0-RC3]
	... 57 more
2020-05-01 15:00:55.838 | [INFO ] | [main] | org.apache.camel.impl.engine.DefaultTracer org.apache.camel.Tracing | dumpTrace : 233 | *<-- [message-hand] [from[direct://messageService]    ] Exchange[Id: ID-DESKTOP-8KK3OFN-1588341655779-0-1, BodyType: java.io.File, Body: [Body is file based: test\resources\test-message.json]]
2020-05-01 15:00:55.846 | [INFO ] | [main] | org.apache.camel.impl.engine.AbstractCamelContext org.apache.camel.spring.boot.SpringBootCamelContext | doStop : 2656 | Apache Camel 3.0.0-RC3 (CamelContext: ServicesRest) is shutting down
2020-05-01 15:00:55.847 | [INFO ] | [main] | org.apache.camel.impl.engine.DefaultShutdownStrategy org.apache.camel.impl.engine.DefaultShutdownStrategy | doShutdown : 192 | Starting to graceful shutdown 3 routes (timeout 10 seconds)
2020-05-01 15:00:55.851 | [INFO ] | [Camel (ServicesRest) thread #1 - ShutdownTask] | org.apache.camel.impl.engine.DefaultShutdownStrategy$ShutdownTask org.apache.camel.impl.engine.DefaultShutdownStrategy | run : 683 | Route: route1 shutdown complete, was consuming from: servlet:/spring-camel-api/messages?httpMethodRestrict=POST%2COPTIONS&optionsEnabled=true
2020-05-01 15:00:55.852 | [INFO ] | [Camel (ServicesRest) thread #1 - ShutdownTask] | org.apache.camel.impl.engine.DefaultShutdownStrategy$ShutdownTask org.apache.camel.impl.engine.DefaultShutdownStrategy | run : 683 | Route: doc-api shutdown complete, was consuming from: servlet:/api-doc?httpMethodRestrict=GET%2COPTIONS&matchOnUriPrefix=true&optionsEnabled=true
2020-05-01 15:00:55.852 | [INFO ] | [Camel (ServicesRest) thread #1 - ShutdownTask] | org.apache.camel.impl.engine.DefaultShutdownStrategy$ShutdownTask org.apache.camel.impl.engine.DefaultShutdownStrategy | run : 683 | Route: message-handler shutdown complete, was consuming from: direct://messageService
2020-05-01 15:00:55.853 | [INFO ] | [main] | org.apache.camel.impl.engine.DefaultShutdownStrategy org.apache.camel.impl.engine.DefaultShutdownStrategy | doShutdown : 257 | Graceful shutdown of 3 routes completed in 0 seconds
2020-05-01 15:00:55.865 | [INFO ] | [main] | org.apache.camel.impl.engine.AbstractCamelContext org.apache.camel.spring.boot.SpringBootCamelContext | doStop : 2769 | Apache Camel 3.0.0-RC3 (CamelContext: ServicesRest) uptime 0.973 seconds
2020-05-01 15:00:55.865 | [INFO ] | [main] | org.apache.camel.impl.engine.AbstractCamelContext org.apache.camel.spring.boot.SpringBootCamelContext | doStop : 2770 | Apache Camel 3.0.0-RC3 (CamelContext: ServicesRest) is shutdown in 0.019 seconds
2020-05-01 15:00:55.866 | [INFO ] | [main] | org.springframework.scheduling.concurrent.ExecutorConfigurationSupport org.springframework.scheduling.concurrent.ThreadPoolTaskExecutor | shutdown : 218 | Shutting down ExecutorService 'applicationTaskExecutor'
2020-05-01 15:00:55.868 | [INFO ] | [main] | org.apache.camel.test.spring.StopWatchTestExecutionListener com.grantlee289.springcamel.routes.MessageHandlerRouteTest | afterTestMethod : 53 | ********************************************************************************
2020-05-01 15:00:55.868 | [INFO ] | [main] | org.apache.camel.test.spring.StopWatchTestExecutionListener com.grantlee289.springcamel.routes.MessageHandlerRouteTest | afterTestMethod : 54 | Testing done: sendMessage(com.grantlee289.springcamel.routes.MessageHandlerRouteTest)
2020-05-01 15:00:55.868 | [INFO ] | [main] | org.apache.camel.test.spring.StopWatchTestExecutionListener com.grantlee289.springcamel.routes.MessageHandlerRouteTest | afterTestMethod : 55 | Took: 0.464 seconds (464 millis)
2020-05-01 15:00:55.868 | [INFO ] | [main] | org.apache.camel.test.spring.StopWatchTestExecutionListener com.grantlee289.springcamel.routes.MessageHandlerRouteTest | afterTestMethod : 56 | ********************************************************************************
2020-05-01 15:00:55.868 | [INFO ] | [main] | org.apache.camel.test.spring.CamelSpringBootExecutionListener org.apache.camel.test.spring.CamelSpringBootExecutionListener | afterTestMethod : 83 | @RunWith(CamelSpringBootRunner.class) after: class com.grantlee289.springcamel.routes.MessageHandlerRouteTest.sendMessage
2020-05-01 15:02:11.704 | [INFO ] | [main] | org.springframework.boot.StartupInfoLogger com.grantlee289.springcamel.routes.MessageHandlerRouteTest | logStarting : 55 | Starting MessageHandlerRouteTest on DESKTOP-8KK3OFN with PID 14572 (started by 44795 in C:\Users\44795\IdeaProjects\spring-camel-api)
2020-05-01 15:02:11.714 | [INFO ] | [main] | org.springframework.boot.SpringApplication com.grantlee289.springcamel.routes.MessageHandlerRouteTest | logStartupProfileInfo : 651 | No active profile set, falling back to default profiles: default
2020-05-01 15:02:12.924 | [INFO ] | [main] | org.springframework.context.support.PostProcessorRegistrationDelegate$BeanPostProcessorChecker org.springframework.context.support.PostProcessorRegistrationDelegate$BeanPostProcessorChecker | postProcessAfterInitialization : 330 | Bean 'org.apache.camel.spring.boot.CamelAutoConfiguration' of type [org.apache.camel.spring.boot.CamelAutoConfiguration$$EnhancerBySpringCGLIB$$17b222b2] is not eligible for getting processed by all BeanPostProcessors (for example: not eligible for auto-proxying)
2020-05-01 15:02:13.320 | [WARN ] | [main] | org.springframework.boot.autoconfigure.jackson.JacksonAutoConfiguration$JodaDateTimeJacksonConfiguration org.springframework.boot.autoconfigure.jackson.JacksonAutoConfiguration$JodaDateTimeJacksonConfiguration | jodaDateTimeSerializationModule : 123 | Auto-configuration of Jackson's Joda-Time integration is deprecated in favor of using java.time (JSR-310).
2020-05-01 15:02:13.397 | [INFO ] | [main] | org.springframework.scheduling.concurrent.ExecutorConfigurationSupport org.springframework.scheduling.concurrent.ThreadPoolTaskExecutor | initialize : 181 | Initializing ExecutorService 'applicationTaskExecutor'
2020-05-01 15:02:13.728 | [WARN ] | [main] | org.apache.camel.impl.engine.DefaultCamelBeanPostProcessor org.apache.camel.impl.engine.DefaultCamelBeanPostProcessor | postProcessBeforeInitialization : 101 | No CamelContext defined yet so cannot inject into bean: properties
2020-05-01 15:02:14.373 | [INFO ] | [main] | org.apache.camel.spring.boot.SpringBootRoutesCollector org.apache.camel.spring.boot.SpringBootRoutesCollector | collectXmlRoutesFromDirectory : 119 | Loading additional Camel XML routes from: classpath:camel/*.xml
2020-05-01 15:02:14.374 | [INFO ] | [main] | org.apache.camel.spring.boot.SpringBootRoutesCollector org.apache.camel.spring.boot.SpringBootRoutesCollector | collectXmlRestsFromDirectory : 143 | Loading additional Camel XML rests from: classpath:camel-rest/*.xml
2020-05-01 15:02:14.394 | [INFO ] | [main] | org.springframework.boot.StartupInfoLogger com.grantlee289.springcamel.routes.MessageHandlerRouteTest | logStarted : 61 | Started MessageHandlerRouteTest in 2.971 seconds (JVM running for 4.834)
2020-05-01 15:02:14.398 | [INFO ] | [main] | org.apache.camel.test.spring.CamelAnnotationsHandler$4 org.apache.camel.test.spring.CamelAnnotationsHandler | execute : 229 | Setting shutdown timeout to [10 SECONDS] on CamelContext with name [camelContext].
2020-05-01 15:02:14.446 | [INFO ] | [main] | org.apache.camel.test.spring.CamelSpringBootExecutionListener org.apache.camel.test.spring.CamelSpringBootExecutionListener | beforeTestMethod : 63 | @RunWith(CamelSpringBootRunner.class) before: class com.grantlee289.springcamel.routes.MessageHandlerRouteTest.sendMessage
2020-05-01 15:02:14.448 | [INFO ] | [main] | org.apache.camel.test.spring.CamelSpringBootExecutionListener org.apache.camel.test.spring.CamelSpringBootExecutionListener | beforeTestMethod : 77 | Initialized CamelSpringBootRunner now ready to start CamelContext
2020-05-01 15:02:14.449 | [INFO ] | [main] | org.apache.camel.test.spring.CamelAnnotationsHandler$8 org.apache.camel.test.spring.CamelAnnotationsHandler | execute : 357 | Starting CamelContext with name [camelContext].
2020-05-01 15:02:14.450 | [INFO ] | [main] | org.apache.camel.impl.engine.AbstractCamelContext org.apache.camel.spring.boot.SpringBootCamelContext | start : 2321 | Apache Camel 3.0.0-RC3 (CamelContext: ServicesRest) is starting
2020-05-01 15:02:14.451 | [INFO ] | [main] | org.apache.camel.management.JmxManagementStrategy org.apache.camel.management.JmxManagementStrategy | doStart : 96 | JMX is enabled
2020-05-01 15:02:14.892 | [INFO ] | [main] | org.apache.camel.impl.engine.AbstractCamelContext org.apache.camel.spring.boot.SpringBootCamelContext | doStartCamel : 2605 | StreamCaching is not in use. If using streams then its recommended to enable stream caching. See more details at http://camel.apache.org/stream-caching.html
2020-05-01 15:02:14.993 | [INFO ] | [main] | org.apache.camel.component.jackson.JacksonDataFormat org.apache.camel.component.jackson.JacksonDataFormat | doStart : 486 | Found single ObjectMapper in Registry to use: com.fasterxml.jackson.databind.ObjectMapper@416c8bb5
2020-05-01 15:02:14.995 | [INFO ] | [main] | org.apache.camel.component.jackson.JacksonDataFormat org.apache.camel.component.jackson.JacksonDataFormat | doStart : 486 | Found single ObjectMapper in Registry to use: com.fasterxml.jackson.databind.ObjectMapper@416c8bb5
2020-05-01 15:02:15.010 | [INFO ] | [main] | org.apache.camel.impl.engine.AbstractCamelContext org.apache.camel.spring.boot.SpringBootCamelContext | doStartOrResumeRouteConsumers : 3222 | Route: message-handler started and consuming from: direct://messageService
2020-05-01 15:02:15.014 | [INFO ] | [main] | org.apache.camel.impl.engine.AbstractCamelContext org.apache.camel.spring.boot.SpringBootCamelContext | doStartOrResumeRouteConsumers : 3222 | Route: doc-api started and consuming from: servlet:/api-doc?httpMethodRestrict=GET%2COPTIONS&matchOnUriPrefix=true&optionsEnabled=true
2020-05-01 15:02:15.015 | [INFO ] | [main] | org.apache.camel.impl.engine.AbstractCamelContext org.apache.camel.spring.boot.SpringBootCamelContext | doStartOrResumeRouteConsumers : 3222 | Route: route1 started and consuming from: servlet:/spring-camel-api/messages?httpMethodRestrict=POST%2COPTIONS&optionsEnabled=true
2020-05-01 15:02:15.018 | [INFO ] | [main] | org.apache.camel.impl.engine.AbstractCamelContext org.apache.camel.spring.boot.SpringBootCamelContext | start : 2378 | Total 3 routes, of which 3 are started
2020-05-01 15:02:15.020 | [INFO ] | [main] | org.apache.camel.impl.engine.AbstractCamelContext org.apache.camel.spring.boot.SpringBootCamelContext | start : 2383 | Apache Camel 3.0.0-RC3 (CamelContext: ServicesRest) started in 0.568 seconds
2020-05-01 15:02:15.415 | [INFO ] | [main] | org.apache.camel.impl.engine.DefaultTracer org.apache.camel.Tracing | traceBeforeRoute : 129 | *--> [message-hand] [from[direct:messageService]      ] Exchange[Id: ID-DESKTOP-8KK3OFN-1588341735407-0-1, BodyType: java.io.File, Body: [Body is file based: C:\Users\44795\IdeaProjects\spring-camel-api\target\test-classes\test-message.json]]
2020-05-01 15:02:15.416 | [INFO ] | [main] | org.apache.camel.impl.engine.DefaultTracer org.apache.camel.Tracing | dumpTrace : 233 |      [message-hand] [log                              ] Exchange[Id: ID-DESKTOP-8KK3OFN-1588341735407-0-1, BodyType: java.io.File, Body: [Body is file based: C:\Users\44795\IdeaProjects\spring-camel-api\target\test-classes\test-message.json]]
2020-05-01 15:02:15.454 | [ERROR] | [main] | org.apache.camel.spi.CamelLogger org.apache.camel.processor.errorhandler.DefaultErrorHandler | log : 203 | Failed delivery for (MessageId: ID-DESKTOP-8KK3OFN-1588341735407-0-2 on ExchangeId: ID-DESKTOP-8KK3OFN-1588341735407-0-1). Exhausted after delivery attempt: 1 caught: org.apache.camel.language.bean.RuntimeBeanExpressionException: Failed to invoke method: message on null due to: org.apache.camel.component.bean.MethodNotFoundException: Method with name: message not found on bean: C:\Users\44795\IdeaProjects\spring-camel-api\target\test-classes\test-message.json of type: java.io.File on the exchange: Exchange[ID-DESKTOP-8KK3OFN-1588341735407-0-1]

Message History
---------------------------------------------------------------------------------------------------------------------------------------
RouteId              ProcessorId          Processor                                                                        Elapsed (ms)
[message-handler   ] [message-handler   ] [from[direct://messageService]                                                 ] [        49]
[message-handler   ] [log1              ] [log                                                                           ] [         0]

Stacktrace
---------------------------------------------------------------------------------------------------------------------------------------
org.apache.camel.language.bean.RuntimeBeanExpressionException: Failed to invoke method: message on null due to: org.apache.camel.component.bean.MethodNotFoundException: Method with name: message not found on bean: C:\Users\44795\IdeaProjects\spring-camel-api\target\test-classes\test-message.json of type: java.io.File on the exchange: Exchange[ID-DESKTOP-8KK3OFN-1588341735407-0-1]
	at org.apache.camel.language.bean.BeanExpression.invokeOgnlMethod(BeanExpression.java:400) ~[camel-bean-3.0.0-RC3.jar:3.0.0-RC3]
	at org.apache.camel.language.bean.BeanExpression.evaluate(BeanExpression.java:149) ~[camel-bean-3.0.0-RC3.jar:3.0.0-RC3]
	at org.apache.camel.language.bean.BeanExpression.evaluate(BeanExpression.java:171) ~[camel-bean-3.0.0-RC3.jar:3.0.0-RC3]
	at org.apache.camel.support.builder.ExpressionBuilder$56.evaluate(ExpressionBuilder.java:1294) ~[camel-support-3.0.0-RC3.jar:3.0.0-RC3]
	at org.apache.camel.support.ExpressionAdapter.evaluate(ExpressionAdapter.java:36) ~[camel-support-3.0.0-RC3.jar:3.0.0-RC3]
	at org.apache.camel.language.simple.SimpleExpressionBuilder$29.evaluate(SimpleExpressionBuilder.java:668) ~[camel-base-3.0.0-RC3.jar:3.0.0-RC3]
	at org.apache.camel.support.ExpressionAdapter.evaluate(ExpressionAdapter.java:36) ~[camel-support-3.0.0-RC3.jar:3.0.0-RC3]
	at org.apache.camel.support.builder.ExpressionBuilder$50.evaluate(ExpressionBuilder.java:1171) ~[camel-support-3.0.0-RC3.jar:3.0.0-RC3]
	at org.apache.camel.support.ExpressionAdapter.evaluate(ExpressionAdapter.java:36) ~[camel-support-3.0.0-RC3.jar:3.0.0-RC3]
	at org.apache.camel.processor.LogProcessor.process(LogProcessor.java:53) ~[camel-base-3.0.0-RC3.jar:3.0.0-RC3]
	at org.apache.camel.processor.errorhandler.RedeliveryErrorHandler$RedeliveryState.run(RedeliveryErrorHandler.java:476) [camel-base-3.0.0-RC3.jar:3.0.0-RC3]
	at org.apache.camel.impl.engine.DefaultReactiveExecutor$Worker.schedule(DefaultReactiveExecutor.java:185) [camel-base-3.0.0-RC3.jar:3.0.0-RC3]
	at org.apache.camel.impl.engine.DefaultReactiveExecutor.scheduleMain(DefaultReactiveExecutor.java:59) [camel-base-3.0.0-RC3.jar:3.0.0-RC3]
	at org.apache.camel.processor.Pipeline.process(Pipeline.java:87) [camel-base-3.0.0-RC3.jar:3.0.0-RC3]
	at org.apache.camel.processor.CamelInternalProcessor.process(CamelInternalProcessor.java:228) [camel-base-3.0.0-RC3.jar:3.0.0-RC3]
	at org.apache.camel.component.direct.DirectProducer.process(DirectProducer.java:74) [camel-direct-3.0.0-RC3.jar:3.0.0-RC3]
	at org.apache.camel.processor.SharedCamelInternalProcessor.process(SharedCamelInternalProcessor.java:189) [camel-base-3.0.0-RC3.jar:3.0.0-RC3]
	at org.apache.camel.processor.SharedCamelInternalProcessor$1.process(SharedCamelInternalProcessor.java:90) [camel-base-3.0.0-RC3.jar:3.0.0-RC3]
	at org.apache.camel.impl.engine.DefaultAsyncProcessorAwaitManager.process(DefaultAsyncProcessorAwaitManager.java:78) [camel-base-3.0.0-RC3.jar:3.0.0-RC3]
	at org.apache.camel.processor.SharedCamelInternalProcessor.process(SharedCamelInternalProcessor.java:87) [camel-base-3.0.0-RC3.jar:3.0.0-RC3]
	at org.apache.camel.impl.engine.DefaultProducerCache.send(DefaultProducerCache.java:175) [camel-base-3.0.0-RC3.jar:3.0.0-RC3]
	at org.apache.camel.impl.engine.DefaultProducerTemplate.send(DefaultProducerTemplate.java:176) [camel-base-3.0.0-RC3.jar:3.0.0-RC3]
	at org.apache.camel.impl.engine.DefaultProducerTemplate.send(DefaultProducerTemplate.java:172) [camel-base-3.0.0-RC3.jar:3.0.0-RC3]
	at org.apache.camel.impl.engine.DefaultProducerTemplate.send(DefaultProducerTemplate.java:153) [camel-base-3.0.0-RC3.jar:3.0.0-RC3]
	at org.apache.camel.impl.engine.DefaultProducerTemplate.sendBody(DefaultProducerTemplate.java:187) [camel-base-3.0.0-RC3.jar:3.0.0-RC3]
	at org.apache.camel.impl.engine.DefaultProducerTemplate.sendBody(DefaultProducerTemplate.java:430) [camel-base-3.0.0-RC3.jar:3.0.0-RC3]
	at com.grantlee289.springcamel.routes.MessageHandlerRouteTest.sendMessage(MessageHandlerRouteTest.java:39) [test-classes/:?]
	at jdk.internal.reflect.NativeMethodAccessorImpl.invoke0(Native Method) ~[?:?]
	at jdk.internal.reflect.NativeMethodAccessorImpl.invoke(NativeMethodAccessorImpl.java:62) ~[?:?]
	at jdk.internal.reflect.DelegatingMethodAccessorImpl.invoke(DelegatingMethodAccessorImpl.java:43) ~[?:?]
	at java.lang.reflect.Method.invoke(Method.java:567) ~[?:?]
	at org.junit.runners.model.FrameworkMethod$1.runReflectiveCall(FrameworkMethod.java:59) [junit-4.13.jar:4.13]
	at org.junit.internal.runners.model.ReflectiveCallable.run(ReflectiveCallable.java:12) [junit-4.13.jar:4.13]
	at org.junit.runners.model.FrameworkMethod.invokeExplosively(FrameworkMethod.java:56) [junit-4.13.jar:4.13]
	at org.junit.internal.runners.statements.InvokeMethod.evaluate(InvokeMethod.java:17) [junit-4.13.jar:4.13]
	at org.springframework.test.context.junit4.statements.RunBeforeTestExecutionCallbacks.evaluate(RunBeforeTestExecutionCallbacks.java:74) [spring-test-5.2.5.RELEASE.jar:5.2.5.RELEASE]
	at org.springframework.test.context.junit4.statements.RunAfterTestExecutionCallbacks.evaluate(RunAfterTestExecutionCallbacks.java:84) [spring-test-5.2.5.RELEASE.jar:5.2.5.RELEASE]
	at org.springframework.test.context.junit4.statements.RunBeforeTestMethodCallbacks.evaluate(RunBeforeTestMethodCallbacks.java:75) [spring-test-5.2.5.RELEASE.jar:5.2.5.RELEASE]
	at org.springframework.test.context.junit4.statements.RunAfterTestMethodCallbacks.evaluate(RunAfterTestMethodCallbacks.java:86) [spring-test-5.2.5.RELEASE.jar:5.2.5.RELEASE]
	at org.springframework.test.context.junit4.statements.SpringRepeat.evaluate(SpringRepeat.java:84) [spring-test-5.2.5.RELEASE.jar:5.2.5.RELEASE]
	at org.junit.runners.ParentRunner.runLeaf(ParentRunner.java:366) [junit-4.13.jar:4.13]
	at org.springframework.test.context.junit4.SpringJUnit4ClassRunner.runChild(SpringJUnit4ClassRunner.java:251) [spring-test-5.2.5.RELEASE.jar:5.2.5.RELEASE]
	at org.springframework.test.context.junit4.SpringJUnit4ClassRunner.runChild(SpringJUnit4ClassRunner.java:97) [spring-test-5.2.5.RELEASE.jar:5.2.5.RELEASE]
	at org.junit.runners.ParentRunner$4.run(ParentRunner.java:331) [junit-4.13.jar:4.13]
	at org.junit.runners.ParentRunner$1.schedule(ParentRunner.java:79) [junit-4.13.jar:4.13]
	at org.junit.runners.ParentRunner.runChildren(ParentRunner.java:329) [junit-4.13.jar:4.13]
	at org.junit.runners.ParentRunner.access$100(ParentRunner.java:66) [junit-4.13.jar:4.13]
	at org.junit.runners.ParentRunner$2.evaluate(ParentRunner.java:293) [junit-4.13.jar:4.13]
	at org.springframework.test.context.junit4.statements.RunBeforeTestClassCallbacks.evaluate(RunBeforeTestClassCallbacks.java:61) [spring-test-5.2.5.RELEASE.jar:5.2.5.RELEASE]
	at org.springframework.test.context.junit4.statements.RunAfterTestClassCallbacks.evaluate(RunAfterTestClassCallbacks.java:70) [spring-test-5.2.5.RELEASE.jar:5.2.5.RELEASE]
	at org.junit.runners.ParentRunner$3.evaluate(ParentRunner.java:306) [junit-4.13.jar:4.13]
	at org.junit.runners.ParentRunner.run(ParentRunner.java:413) [junit-4.13.jar:4.13]
	at org.springframework.test.context.junit4.SpringJUnit4ClassRunner.run(SpringJUnit4ClassRunner.java:190) [spring-test-5.2.5.RELEASE.jar:5.2.5.RELEASE]
	at org.junit.runner.JUnitCore.run(JUnitCore.java:137) [junit-4.13.jar:4.13]
	at com.intellij.junit4.JUnit4IdeaTestRunner.startRunnerWithArgs(JUnit4IdeaTestRunner.java:68) [junit-rt.jar:?]
	at com.intellij.rt.junit.IdeaTestRunner$Repeater.startRunnerWithArgs(IdeaTestRunner.java:33) [junit-rt.jar:?]
	at com.intellij.rt.junit.JUnitStarter.prepareStreamsAndStart(JUnitStarter.java:230) [junit-rt.jar:?]
	at com.intellij.rt.junit.JUnitStarter.main(JUnitStarter.java:58) [junit-rt.jar:?]
Caused by: org.apache.camel.component.bean.MethodNotFoundException: Method with name: message not found on bean: C:\Users\44795\IdeaProjects\spring-camel-api\target\test-classes\test-message.json of type: java.io.File on the exchange: Exchange[ID-DESKTOP-8KK3OFN-1588341735407-0-1]
	at org.apache.camel.component.bean.BeanInfo.createInvocation(BeanInfo.java:279) ~[camel-bean-3.0.0-RC3.jar:3.0.0-RC3]
	at org.apache.camel.component.bean.BeanInfo.createInvocation(BeanInfo.java:186) ~[camel-bean-3.0.0-RC3.jar:3.0.0-RC3]
	at org.apache.camel.component.bean.AbstractBeanProcessor.process(AbstractBeanProcessor.java:129) ~[camel-bean-3.0.0-RC3.jar:3.0.0-RC3]
	at org.apache.camel.impl.engine.DefaultAsyncProcessorAwaitManager.process(DefaultAsyncProcessorAwaitManager.java:78) ~[camel-base-3.0.0-RC3.jar:3.0.0-RC3]
	at org.apache.camel.support.AsyncProcessorSupport.process(AsyncProcessorSupport.java:40) ~[camel-support-3.0.0-RC3.jar:3.0.0-RC3]
	at org.apache.camel.language.bean.BeanExpression.invokeBean(BeanExpression.java:297) ~[camel-bean-3.0.0-RC3.jar:3.0.0-RC3]
	at org.apache.camel.language.bean.BeanExpression.invokeOgnlMethod(BeanExpression.java:396) ~[camel-bean-3.0.0-RC3.jar:3.0.0-RC3]
	... 57 more
2020-05-01 15:02:15.465 | [INFO ] | [main] | org.apache.camel.impl.engine.DefaultTracer org.apache.camel.Tracing | dumpTrace : 233 | *<-- [message-hand] [from[direct://messageService]    ] Exchange[Id: ID-DESKTOP-8KK3OFN-1588341735407-0-1, BodyType: java.io.File, Body: [Body is file based: C:\Users\44795\IdeaProjects\spring-camel-api\target\test-classes\test-message.json]]
2020-05-01 15:02:15.476 | [INFO ] | [main] | org.apache.camel.impl.engine.AbstractCamelContext org.apache.camel.spring.boot.SpringBootCamelContext | doStop : 2656 | Apache Camel 3.0.0-RC3 (CamelContext: ServicesRest) is shutting down
2020-05-01 15:02:15.477 | [INFO ] | [main] | org.apache.camel.impl.engine.DefaultShutdownStrategy org.apache.camel.impl.engine.DefaultShutdownStrategy | doShutdown : 192 | Starting to graceful shutdown 3 routes (timeout 10 seconds)
2020-05-01 15:02:15.481 | [INFO ] | [Camel (ServicesRest) thread #1 - ShutdownTask] | org.apache.camel.impl.engine.DefaultShutdownStrategy$ShutdownTask org.apache.camel.impl.engine.DefaultShutdownStrategy | run : 683 | Route: route1 shutdown complete, was consuming from: servlet:/spring-camel-api/messages?httpMethodRestrict=POST%2COPTIONS&optionsEnabled=true
2020-05-01 15:02:15.482 | [INFO ] | [Camel (ServicesRest) thread #1 - ShutdownTask] | org.apache.camel.impl.engine.DefaultShutdownStrategy$ShutdownTask org.apache.camel.impl.engine.DefaultShutdownStrategy | run : 683 | Route: doc-api shutdown complete, was consuming from: servlet:/api-doc?httpMethodRestrict=GET%2COPTIONS&matchOnUriPrefix=true&optionsEnabled=true
2020-05-01 15:02:15.483 | [INFO ] | [Camel (ServicesRest) thread #1 - ShutdownTask] | org.apache.camel.impl.engine.DefaultShutdownStrategy$ShutdownTask org.apache.camel.impl.engine.DefaultShutdownStrategy | run : 683 | Route: message-handler shutdown complete, was consuming from: direct://messageService
2020-05-01 15:02:15.483 | [INFO ] | [main] | org.apache.camel.impl.engine.DefaultShutdownStrategy org.apache.camel.impl.engine.DefaultShutdownStrategy | doShutdown : 257 | Graceful shutdown of 3 routes completed in 0 seconds
2020-05-01 15:02:15.488 | [INFO ] | [main] | org.apache.camel.impl.engine.AbstractCamelContext org.apache.camel.spring.boot.SpringBootCamelContext | doStop : 2769 | Apache Camel 3.0.0-RC3 (CamelContext: ServicesRest) uptime 1.038 seconds
2020-05-01 15:02:15.488 | [INFO ] | [main] | org.apache.camel.impl.engine.AbstractCamelContext org.apache.camel.spring.boot.SpringBootCamelContext | doStop : 2770 | Apache Camel 3.0.0-RC3 (CamelContext: ServicesRest) is shutdown in 0.012 seconds
2020-05-01 15:02:15.489 | [INFO ] | [main] | org.springframework.scheduling.concurrent.ExecutorConfigurationSupport org.springframework.scheduling.concurrent.ThreadPoolTaskExecutor | shutdown : 218 | Shutting down ExecutorService 'applicationTaskExecutor'
2020-05-01 15:02:15.490 | [INFO ] | [main] | org.apache.camel.test.spring.StopWatchTestExecutionListener com.grantlee289.springcamel.routes.MessageHandlerRouteTest | afterTestMethod : 53 | ********************************************************************************
2020-05-01 15:02:15.490 | [INFO ] | [main] | org.apache.camel.test.spring.StopWatchTestExecutionListener com.grantlee289.springcamel.routes.MessageHandlerRouteTest | afterTestMethod : 54 | Testing done: sendMessage(com.grantlee289.springcamel.routes.MessageHandlerRouteTest)
2020-05-01 15:02:15.490 | [INFO ] | [main] | org.apache.camel.test.spring.StopWatchTestExecutionListener com.grantlee289.springcamel.routes.MessageHandlerRouteTest | afterTestMethod : 55 | Took: 0.469 seconds (469 millis)
2020-05-01 15:02:15.491 | [INFO ] | [main] | org.apache.camel.test.spring.StopWatchTestExecutionListener com.grantlee289.springcamel.routes.MessageHandlerRouteTest | afterTestMethod : 56 | ********************************************************************************
2020-05-01 15:02:15.491 | [INFO ] | [main] | org.apache.camel.test.spring.CamelSpringBootExecutionListener org.apache.camel.test.spring.CamelSpringBootExecutionListener | afterTestMethod : 83 | @RunWith(CamelSpringBootRunner.class) after: class com.grantlee289.springcamel.routes.MessageHandlerRouteTest.sendMessage
2020-05-01 15:04:14.567 | [INFO ] | [main] | org.springframework.boot.StartupInfoLogger com.grantlee289.springcamel.routes.MessageHandlerRouteTest | logStarting : 55 | Starting MessageHandlerRouteTest on DESKTOP-8KK3OFN with PID 12376 (started by 44795 in C:\Users\44795\IdeaProjects\spring-camel-api)
2020-05-01 15:04:14.588 | [INFO ] | [main] | org.springframework.boot.SpringApplication com.grantlee289.springcamel.routes.MessageHandlerRouteTest | logStartupProfileInfo : 651 | No active profile set, falling back to default profiles: default
2020-05-01 15:04:15.574 | [INFO ] | [main] | org.springframework.context.support.PostProcessorRegistrationDelegate$BeanPostProcessorChecker org.springframework.context.support.PostProcessorRegistrationDelegate$BeanPostProcessorChecker | postProcessAfterInitialization : 330 | Bean 'org.apache.camel.spring.boot.CamelAutoConfiguration' of type [org.apache.camel.spring.boot.CamelAutoConfiguration$$EnhancerBySpringCGLIB$$bcbbd8c6] is not eligible for getting processed by all BeanPostProcessors (for example: not eligible for auto-proxying)
2020-05-01 15:04:15.980 | [WARN ] | [main] | org.springframework.boot.autoconfigure.jackson.JacksonAutoConfiguration$JodaDateTimeJacksonConfiguration org.springframework.boot.autoconfigure.jackson.JacksonAutoConfiguration$JodaDateTimeJacksonConfiguration | jodaDateTimeSerializationModule : 123 | Auto-configuration of Jackson's Joda-Time integration is deprecated in favor of using java.time (JSR-310).
2020-05-01 15:04:16.053 | [INFO ] | [main] | org.springframework.scheduling.concurrent.ExecutorConfigurationSupport org.springframework.scheduling.concurrent.ThreadPoolTaskExecutor | initialize : 181 | Initializing ExecutorService 'applicationTaskExecutor'
2020-05-01 15:04:16.388 | [WARN ] | [main] | org.apache.camel.impl.engine.DefaultCamelBeanPostProcessor org.apache.camel.impl.engine.DefaultCamelBeanPostProcessor | postProcessBeforeInitialization : 101 | No CamelContext defined yet so cannot inject into bean: properties
2020-05-01 15:04:17.058 | [INFO ] | [main] | org.apache.camel.spring.boot.SpringBootRoutesCollector org.apache.camel.spring.boot.SpringBootRoutesCollector | collectXmlRoutesFromDirectory : 119 | Loading additional Camel XML routes from: classpath:camel/*.xml
2020-05-01 15:04:17.059 | [INFO ] | [main] | org.apache.camel.spring.boot.SpringBootRoutesCollector org.apache.camel.spring.boot.SpringBootRoutesCollector | collectXmlRestsFromDirectory : 143 | Loading additional Camel XML rests from: classpath:camel-rest/*.xml
2020-05-01 15:04:17.067 | [INFO ] | [main] | org.springframework.boot.StartupInfoLogger com.grantlee289.springcamel.routes.MessageHandlerRouteTest | logStarted : 61 | Started MessageHandlerRouteTest in 2.755 seconds (JVM running for 4.56)
2020-05-01 15:04:17.071 | [INFO ] | [main] | org.apache.camel.test.spring.CamelAnnotationsHandler$4 org.apache.camel.test.spring.CamelAnnotationsHandler | execute : 229 | Setting shutdown timeout to [10 SECONDS] on CamelContext with name [camelContext].
2020-05-01 15:04:17.121 | [INFO ] | [main] | org.apache.camel.test.spring.CamelSpringBootExecutionListener org.apache.camel.test.spring.CamelSpringBootExecutionListener | beforeTestMethod : 63 | @RunWith(CamelSpringBootRunner.class) before: class com.grantlee289.springcamel.routes.MessageHandlerRouteTest.sendMessage
2020-05-01 15:04:17.122 | [INFO ] | [main] | org.apache.camel.test.spring.CamelSpringBootExecutionListener org.apache.camel.test.spring.CamelSpringBootExecutionListener | beforeTestMethod : 77 | Initialized CamelSpringBootRunner now ready to start CamelContext
2020-05-01 15:04:17.124 | [INFO ] | [main] | org.apache.camel.test.spring.CamelAnnotationsHandler$8 org.apache.camel.test.spring.CamelAnnotationsHandler | execute : 357 | Starting CamelContext with name [camelContext].
2020-05-01 15:04:17.125 | [INFO ] | [main] | org.apache.camel.impl.engine.AbstractCamelContext org.apache.camel.spring.boot.SpringBootCamelContext | start : 2321 | Apache Camel 3.0.0-RC3 (CamelContext: ServicesRest) is starting
2020-05-01 15:04:17.125 | [INFO ] | [main] | org.apache.camel.management.JmxManagementStrategy org.apache.camel.management.JmxManagementStrategy | doStart : 96 | JMX is enabled
2020-05-01 15:04:17.567 | [INFO ] | [main] | org.apache.camel.impl.engine.AbstractCamelContext org.apache.camel.spring.boot.SpringBootCamelContext | doStartCamel : 2605 | StreamCaching is not in use. If using streams then its recommended to enable stream caching. See more details at http://camel.apache.org/stream-caching.html
2020-05-01 15:04:17.685 | [INFO ] | [main] | org.apache.camel.component.jackson.JacksonDataFormat org.apache.camel.component.jackson.JacksonDataFormat | doStart : 486 | Found single ObjectMapper in Registry to use: com.fasterxml.jackson.databind.ObjectMapper@70f5f59d
2020-05-01 15:04:17.687 | [INFO ] | [main] | org.apache.camel.component.jackson.JacksonDataFormat org.apache.camel.component.jackson.JacksonDataFormat | doStart : 486 | Found single ObjectMapper in Registry to use: com.fasterxml.jackson.databind.ObjectMapper@70f5f59d
2020-05-01 15:04:17.691 | [INFO ] | [main] | org.apache.camel.impl.engine.AbstractCamelContext org.apache.camel.spring.boot.SpringBootCamelContext | doStartOrResumeRouteConsumers : 3222 | Route: message-handler started and consuming from: direct://messageService
2020-05-01 15:04:17.695 | [INFO ] | [main] | org.apache.camel.impl.engine.AbstractCamelContext org.apache.camel.spring.boot.SpringBootCamelContext | doStartOrResumeRouteConsumers : 3222 | Route: doc-api started and consuming from: servlet:/api-doc?httpMethodRestrict=GET%2COPTIONS&matchOnUriPrefix=true&optionsEnabled=true
2020-05-01 15:04:17.696 | [INFO ] | [main] | org.apache.camel.impl.engine.AbstractCamelContext org.apache.camel.spring.boot.SpringBootCamelContext | doStartOrResumeRouteConsumers : 3222 | Route: route1 started and consuming from: servlet:/spring-camel-api/messages?httpMethodRestrict=POST%2COPTIONS&optionsEnabled=true
2020-05-01 15:04:17.701 | [INFO ] | [main] | org.apache.camel.impl.engine.AbstractCamelContext org.apache.camel.spring.boot.SpringBootCamelContext | start : 2378 | Total 3 routes, of which 3 are started
2020-05-01 15:04:17.705 | [INFO ] | [main] | org.apache.camel.impl.engine.AbstractCamelContext org.apache.camel.spring.boot.SpringBootCamelContext | start : 2383 | Apache Camel 3.0.0-RC3 (CamelContext: ServicesRest) started in 0.578 seconds
2020-05-01 15:04:18.142 | [INFO ] | [main] | org.apache.camel.impl.engine.DefaultTracer org.apache.camel.Tracing | traceBeforeRoute : 129 | *--> [message-hand] [from[direct:messageService]      ] Exchange[Id: ID-DESKTOP-8KK3OFN-1588341858126-0-1, BodyType: com.grantlee289.springcamel.beans.ApiBean, Body: com.grantlee289.springcamel.beans.ApiBean@666b91db]
2020-05-01 15:04:18.144 | [INFO ] | [main] | org.apache.camel.impl.engine.DefaultTracer org.apache.camel.Tracing | dumpTrace : 233 |      [message-hand] [log                              ] Exchange[Id: ID-DESKTOP-8KK3OFN-1588341858126-0-1, BodyType: com.grantlee289.springcamel.beans.ApiBean, Body: com.grantlee289.springcamel.beans.ApiBean@666b91db]
2020-05-01 15:04:18.178 | [INFO ] | [main] | org.apache.camel.spi.CamelLogger message-handler | log : 158 | Received: Test
2020-05-01 15:04:18.180 | [INFO ] | [main] | org.apache.camel.impl.engine.DefaultTracer org.apache.camel.Tracing | dumpTrace : 233 |      [message-hand] [log                              ] Exchange[Id: ID-DESKTOP-8KK3OFN-1588341858126-0-1, BodyType: com.grantlee289.springcamel.beans.ApiBean, Body: com.grantlee289.springcamel.beans.ApiBean@666b91db]
2020-05-01 15:04:18.182 | [INFO ] | [main] | org.apache.camel.spi.CamelLogger message-handler | log : 158 | From: Bob: 123
2020-05-01 15:04:18.183 | [INFO ] | [main] | org.apache.camel.impl.engine.DefaultTracer org.apache.camel.Tracing | dumpTrace : 233 |      [message-hand] [mock:to                          ] Exchange[Id: ID-DESKTOP-8KK3OFN-1588341858126-0-1, BodyType: com.grantlee289.springcamel.beans.ApiBean, Body: com.grantlee289.springcamel.beans.ApiBean@666b91db]
2020-05-01 15:04:18.186 | [INFO ] | [main] | org.apache.camel.impl.engine.DefaultTracer org.apache.camel.Tracing | dumpTrace : 233 |      [message-hand] [Processor@0x28d56028             ] Exchange[Id: ID-DESKTOP-8KK3OFN-1588341858126-0-1, BodyType: com.grantlee289.springcamel.beans.ApiBean, Body: com.grantlee289.springcamel.beans.ApiBean@666b91db]
2020-05-01 15:04:18.190 | [INFO ] | [main] | org.apache.camel.impl.engine.DefaultTracer org.apache.camel.Tracing | dumpTrace : 233 |      [message-hand] [setHeader[CamelHttpResponseCode] ] Exchange[Id: ID-DESKTOP-8KK3OFN-1588341858126-0-1, BodyType: String, Body: Thanks Bob(123) - your message has been received]
2020-05-01 15:04:18.191 | [INFO ] | [main] | org.apache.camel.impl.engine.DefaultTracer org.apache.camel.Tracing | dumpTrace : 233 | *<-- [message-hand] [from[direct://messageService]    ] Exchange[Id: ID-DESKTOP-8KK3OFN-1588341858126-0-1, BodyType: String, Body: Thanks Bob(123) - your message has been received]
2020-05-01 15:04:18.194 | [INFO ] | [main] | org.apache.camel.component.mock.MockEndpoint org.apache.camel.component.mock.MockEndpoint | assertIsSatisfied : 384 | Asserting: mock://to is satisfied
2020-05-01 15:04:18.201 | [INFO ] | [main] | org.apache.camel.impl.engine.AbstractCamelContext org.apache.camel.spring.boot.SpringBootCamelContext | doStop : 2656 | Apache Camel 3.0.0-RC3 (CamelContext: ServicesRest) is shutting down
2020-05-01 15:04:18.202 | [INFO ] | [main] | org.apache.camel.impl.engine.DefaultShutdownStrategy org.apache.camel.impl.engine.DefaultShutdownStrategy | doShutdown : 192 | Starting to graceful shutdown 3 routes (timeout 10 seconds)
2020-05-01 15:04:18.208 | [INFO ] | [Camel (ServicesRest) thread #1 - ShutdownTask] | org.apache.camel.impl.engine.DefaultShutdownStrategy$ShutdownTask org.apache.camel.impl.engine.DefaultShutdownStrategy | run : 683 | Route: route1 shutdown complete, was consuming from: servlet:/spring-camel-api/messages?httpMethodRestrict=POST%2COPTIONS&optionsEnabled=true
2020-05-01 15:04:18.211 | [INFO ] | [Camel (ServicesRest) thread #1 - ShutdownTask] | org.apache.camel.impl.engine.DefaultShutdownStrategy$ShutdownTask org.apache.camel.impl.engine.DefaultShutdownStrategy | run : 683 | Route: doc-api shutdown complete, was consuming from: servlet:/api-doc?httpMethodRestrict=GET%2COPTIONS&matchOnUriPrefix=true&optionsEnabled=true
2020-05-01 15:04:18.211 | [INFO ] | [Camel (ServicesRest) thread #1 - ShutdownTask] | org.apache.camel.impl.engine.DefaultShutdownStrategy$ShutdownTask org.apache.camel.impl.engine.DefaultShutdownStrategy | run : 683 | Route: message-handler shutdown complete, was consuming from: direct://messageService
2020-05-01 15:04:18.211 | [INFO ] | [main] | org.apache.camel.impl.engine.DefaultShutdownStrategy org.apache.camel.impl.engine.DefaultShutdownStrategy | doShutdown : 257 | Graceful shutdown of 3 routes completed in 0 seconds
2020-05-01 15:04:18.217 | [INFO ] | [main] | org.apache.camel.impl.engine.AbstractCamelContext org.apache.camel.spring.boot.SpringBootCamelContext | doStop : 2769 | Apache Camel 3.0.0-RC3 (CamelContext: ServicesRest) uptime 1.092 seconds
2020-05-01 15:04:18.217 | [INFO ] | [main] | org.apache.camel.impl.engine.AbstractCamelContext org.apache.camel.spring.boot.SpringBootCamelContext | doStop : 2770 | Apache Camel 3.0.0-RC3 (CamelContext: ServicesRest) is shutdown in 0.016 seconds
2020-05-01 15:04:18.219 | [INFO ] | [main] | org.springframework.scheduling.concurrent.ExecutorConfigurationSupport org.springframework.scheduling.concurrent.ThreadPoolTaskExecutor | shutdown : 218 | Shutting down ExecutorService 'applicationTaskExecutor'
2020-05-01 15:04:18.221 | [INFO ] | [main] | org.apache.camel.test.spring.StopWatchTestExecutionListener com.grantlee289.springcamel.routes.MessageHandlerRouteTest | afterTestMethod : 53 | ********************************************************************************
2020-05-01 15:04:18.221 | [INFO ] | [main] | org.apache.camel.test.spring.StopWatchTestExecutionListener com.grantlee289.springcamel.routes.MessageHandlerRouteTest | afterTestMethod : 54 | Testing done: sendMessage(com.grantlee289.springcamel.routes.MessageHandlerRouteTest)
2020-05-01 15:04:18.222 | [INFO ] | [main] | org.apache.camel.test.spring.StopWatchTestExecutionListener com.grantlee289.springcamel.routes.MessageHandlerRouteTest | afterTestMethod : 55 | Took: 0.514 seconds (514 millis)
2020-05-01 15:04:18.222 | [INFO ] | [main] | org.apache.camel.test.spring.StopWatchTestExecutionListener com.grantlee289.springcamel.routes.MessageHandlerRouteTest | afterTestMethod : 56 | ********************************************************************************
2020-05-01 15:04:18.222 | [INFO ] | [main] | org.apache.camel.test.spring.CamelSpringBootExecutionListener org.apache.camel.test.spring.CamelSpringBootExecutionListener | afterTestMethod : 83 | @RunWith(CamelSpringBootRunner.class) after: class com.grantlee289.springcamel.routes.MessageHandlerRouteTest.sendMessage
